{"__type":"$$EventMessageAudit","id":"acf2cf4c-6c1e-4d96-bff7-ca42dbb5262e","ts":"2026-04-06T00:08:34.656+03:00","eventName":"n8n.audit.workflow.created","message":"n8n.audit.workflow.created","payload":{"userId":"eb4035e2-2e2f-4b38-b51f-776ef28fe200","_email":"cemonat67@gmail.com","_firstName":"Cem","_lastName":"Onat","globalRole":"global:owner","workflowId":"eIVKT6edvIeqHYU8","workflowName":"ZH_FACILITY_RUNNER"}}
{"__type":"$$EventMessageConfirm","confirm":"acf2cf4c-6c1e-4d96-bff7-ca42dbb5262e","ts":"2026-04-06T00:08:34.657+03:00","source":{"id":"0","name":"eventBus"}}
{"__type":"$$EventMessageAudit","id":"d82524c9-6be3-4ceb-965e-3fff87064b14","ts":"2026-04-06T00:08:44.219+03:00","eventName":"n8n.audit.workflow.updated","message":"n8n.audit.workflow.updated","payload":{"userId":"eb4035e2-2e2f-4b38-b51f-776ef28fe200","_email":"cemonat67@gmail.com","_firstName":"Cem","_lastName":"Onat","globalRole":"global:owner","workflowId":"eIVKT6edvIeqHYU8","workflowName":"ZH_MASTER_ORCHESTRATOR"}}
{"__type":"$$EventMessageConfirm","confirm":"d82524c9-6be3-4ceb-965e-3fff87064b14","ts":"2026-04-06T00:08:44.219+03:00","source":{"id":"0","name":"eventBus"}}
{"__type":"$$EventMessageWorkflow","id":"810c38e9-dab0-4848-b45f-6254d30e0b90","ts":"2026-04-06T00:10:56.222+03:00","eventName":"n8n.workflow.started","message":"n8n.workflow.started","payload":{"executionId":"1","workflowId":"eIVKT6edvIeqHYU8","isManual":false,"mode":"manual","workflowName":"ZH_MASTER_ORCHESTRATOR"}}
{"__type":"$$EventMessageConfirm","confirm":"810c38e9-dab0-4848-b45f-6254d30e0b90","ts":"2026-04-06T00:10:56.222+03:00","source":{"id":"0","name":"eventBus"}}
{"__type":"$$EventMessageAudit","id":"b8a396cd-9424-42f5-83fe-dadf2c9a8e0d","ts":"2026-04-06T00:10:56.222+03:00","eventName":"n8n.audit.workflow.executed","message":"n8n.audit.workflow.executed","payload":{"userId":"eb4035e2-2e2f-4b38-b51f-776ef28fe200","_email":"cemonat67@gmail.com","_firstName":"Cem","_lastName":"Onat","globalRole":"global:owner","workflowId":"eIVKT6edvIeqHYU8","workflowName":"ZH_MASTER_ORCHESTRATOR","executionId":"1","source":"user-manual"}}
{"__type":"$$EventMessageConfirm","confirm":"b8a396cd-9424-42f5-83fe-dadf2c9a8e0d","ts":"2026-04-06T00:10:56.222+03:00","source":{"id":"0","name":"eventBus"}}
{"__type":"$$EventMessageNode","id":"9affba79-c0e5-4c0a-a858-00829918b943","ts":"2026-04-06T00:10:56.228+03:00","eventName":"n8n.node.started","message":"n8n.node.started","payload":{"workflowId":"eIVKT6edvIeqHYU8","workflowName":"ZH_MASTER_ORCHESTRATOR","executionId":"1","nodeType":"n8n-nodes-base.manualTrigger","nodeName":"Manual Trigger","nodeId":"ec5361e2-9b34-4e27-a4b0-2429056a13cd"}}
{"__type":"$$EventMessageConfirm","confirm":"9affba79-c0e5-4c0a-a858-00829918b943","ts":"2026-04-06T00:10:56.228+03:00","source":{"id":"0","name":"eventBus"}}
{"__type":"$$EventMessageNode","id":"fa7b56a4-7583-4ee7-9e6a-11cbebc3294b","ts":"2026-04-06T00:10:56.231+03:00","eventName":"n8n.node.finished","message":"n8n.node.finished","payload":{"workflowId":"eIVKT6edvIeqHYU8","workflowName":"ZH_MASTER_ORCHESTRATOR","executionId":"1","nodeType":"n8n-nodes-base.manualTrigger","nodeName":"Manual Trigger","nodeId":"ec5361e2-9b34-4e27-a4b0-2429056a13cd"}}
{"__type":"$$EventMessageConfirm","confirm":"fa7b56a4-7583-4ee7-9e6a-11cbebc3294b","ts":"2026-04-06T00:10:56.232+03:00","source":{"id":"0","name":"eventBus"}}
{"__type":"$$EventMessageNode","id":"8cee9cee-da34-4a34-8584-4e116ee529ac","ts":"2026-04-06T00:10:56.233+03:00","eventName":"n8n.node.started","message":"n8n.node.started","payload":{"workflowId":"eIVKT6edvIeqHYU8","workflowName":"ZH_MASTER_ORCHESTRATOR","executionId":"1","nodeType":"n8n-nodes-base.code","nodeName":"Normalize Input","nodeId":"e2140623-939c-46b8-91d6-adc1e5806ea8"}}
{"__type":"$$EventMessageConfirm","confirm":"8cee9cee-da34-4a34-8584-4e116ee529ac","ts":"2026-04-06T00:10:56.233+03:00","source":{"id":"0","name":"eventBus"}}
{"__type":"$$EventMessageRunner","id":"f41180e2-9f3f-4f3e-862e-a5348e13904e","ts":"2026-04-06T00:10:56.241+03:00","eventName":"n8n.runner.task.requested","message":"n8n.runner.task.requested","payload":{"taskId":"pIVhiDzm","nodeId":"e2140623-939c-46b8-91d6-adc1e5806ea8","workflowId":"eIVKT6edvIeqHYU8","executionId":"1"}}
{"__type":"$$EventMessageConfirm","confirm":"f41180e2-9f3f-4f3e-862e-a5348e13904e","ts":"2026-04-06T00:10:56.241+03:00","source":{"id":"0","name":"eventBus"}}
{"__type":"$$EventMessageRunner","id":"3eaf1079-33be-495d-ac03-bf2a1dbfbfa4","ts":"2026-04-06T00:10:56.297+03:00","eventName":"n8n.runner.response.received","message":"n8n.runner.response.received","payload":{"taskId":"pIVhiDzm","nodeId":"e2140623-939c-46b8-91d6-adc1e5806ea8","workflowId":"eIVKT6edvIeqHYU8","executionId":"1"}}
{"__type":"$$EventMessageConfirm","confirm":"3eaf1079-33be-495d-ac03-bf2a1dbfbfa4","ts":"2026-04-06T00:10:56.298+03:00","source":{"id":"0","name":"eventBus"}}
{"__type":"$$EventMessageNode","id":"43cd667a-152d-4917-9896-4753e554609d","ts":"2026-04-06T00:10:56.299+03:00","eventName":"n8n.node.finished","message":"n8n.node.finished","payload":{"workflowId":"eIVKT6edvIeqHYU8","workflowName":"ZH_MASTER_ORCHESTRATOR","executionId":"1","nodeType":"n8n-nodes-base.code","nodeName":"Normalize Input","nodeId":"e2140623-939c-46b8-91d6-adc1e5806ea8"}}
{"__type":"$$EventMessageConfirm","confirm":"43cd667a-152d-4917-9896-4753e554609d","ts":"2026-04-06T00:10:56.299+03:00","source":{"id":"0","name":"eventBus"}}
{"__type":"$$EventMessageNode","id":"970836f5-dac6-4d7d-830e-2b275081aa86","ts":"2026-04-06T00:10:56.300+03:00","eventName":"n8n.node.started","message":"n8n.node.started","payload":{"workflowId":"eIVKT6edvIeqHYU8","workflowName":"ZH_MASTER_ORCHESTRATOR","executionId":"1","nodeType":"n8n-nodes-base.code","nodeName":"Load Metric Profile","nodeId":"12f2777f-5f69-428c-8774-84d682577de0"}}
{"__type":"$$EventMessageConfirm","confirm":"970836f5-dac6-4d7d-830e-2b275081aa86","ts":"2026-04-06T00:10:56.300+03:00","source":{"id":"0","name":"eventBus"}}
{"__type":"$$EventMessageRunner","id":"21d419ac-99ff-46f4-873a-7d74c43833f5","ts":"2026-04-06T00:10:56.304+03:00","eventName":"n8n.runner.task.requested","message":"n8n.runner.task.requested","payload":{"taskId":"CsBV5ewB","nodeId":"12f2777f-5f69-428c-8774-84d682577de0","workflowId":"eIVKT6edvIeqHYU8","executionId":"1"}}
{"__type":"$$EventMessageConfirm","confirm":"21d419ac-99ff-46f4-873a-7d74c43833f5","ts":"2026-04-06T00:10:56.304+03:00","source":{"id":"0","name":"eventBus"}}
{"__type":"$$EventMessageNode","id":"97b7a2ad-7f64-493a-8782-78fc56922629","ts":"2026-04-06T00:10:56.311+03:00","eventName":"n8n.node.finished","message":"n8n.node.finished","payload":{"workflowId":"eIVKT6edvIeqHYU8","workflowName":"ZH_MASTER_ORCHESTRATOR","executionId":"1","nodeType":"n8n-nodes-base.code","nodeName":"Load Metric Profile","nodeId":"12f2777f-5f69-428c-8774-84d682577de0"}}
{"__type":"$$EventMessageConfirm","confirm":"97b7a2ad-7f64-493a-8782-78fc56922629","ts":"2026-04-06T00:10:56.311+03:00","source":{"id":"0","name":"eventBus"}}
{"__type":"$$EventMessageWorkflow","id":"ae0bee59-9f8a-4df1-a6fb-88351cefb872","ts":"2026-04-06T00:10:56.314+03:00","eventName":"n8n.workflow.failed","message":"n8n.workflow.failed","payload":{"userId":"eb4035e2-2e2f-4b38-b51f-776ef28fe200","executionId":"1","success":false,"isManual":true,"mode":"manual","workflowId":"eIVKT6edvIeqHYU8","workflowName":"ZH_MASTER_ORCHESTRATOR","lastNodeExecuted":"Load Metric Profile","errorMessage":"Module 'fs' is disallowed [line 1]"}}
{"__type":"$$EventMessageConfirm","confirm":"ae0bee59-9f8a-4df1-a6fb-88351cefb872","ts":"2026-04-06T00:10:56.314+03:00","source":{"id":"0","name":"eventBus"}}
{"__type":"$$EventMessageWorkflow","id":"669c1af6-fa7d-4068-9e33-d155723a6a88","ts":"2026-04-06T00:11:12.946+03:00","eventName":"n8n.workflow.started","message":"n8n.workflow.started","payload":{"executionId":"2","workflowId":"eIVKT6edvIeqHYU8","isManual":false,"mode":"manual","workflowName":"ZH_MASTER_ORCHESTRATOR"}}
{"__type":"$$EventMessageConfirm","confirm":"669c1af6-fa7d-4068-9e33-d155723a6a88","ts":"2026-04-06T00:11:12.947+03:00","source":{"id":"0","name":"eventBus"}}
{"__type":"$$EventMessageAudit","id":"3daecd99-0dc4-4d6d-9711-1611476a5944","ts":"2026-04-06T00:11:12.948+03:00","eventName":"n8n.audit.workflow.executed","message":"n8n.audit.workflow.executed","payload":{"userId":"eb4035e2-2e2f-4b38-b51f-776ef28fe200","_email":"cemonat67@gmail.com","_firstName":"Cem","_lastName":"Onat","globalRole":"global:owner","workflowId":"eIVKT6edvIeqHYU8","workflowName":"ZH_MASTER_ORCHESTRATOR","executionId":"2","source":"user-manual"}}
{"__type":"$$EventMessageConfirm","confirm":"3daecd99-0dc4-4d6d-9711-1611476a5944","ts":"2026-04-06T00:11:12.948+03:00","source":{"id":"0","name":"eventBus"}}
{"__type":"$$EventMessageNode","id":"c96962c2-4bc8-4097-a247-ad523862ad92","ts":"2026-04-06T00:11:12.957+03:00","eventName":"n8n.node.started","message":"n8n.node.started","payload":{"workflowId":"eIVKT6edvIeqHYU8","workflowName":"ZH_MASTER_ORCHESTRATOR","executionId":"2","nodeType":"n8n-nodes-base.manualTrigger","nodeName":"Manual Trigger","nodeId":"ec5361e2-9b34-4e27-a4b0-2429056a13cd"}}
{"__type":"$$EventMessageConfirm","confirm":"c96962c2-4bc8-4097-a247-ad523862ad92","ts":"2026-04-06T00:11:12.957+03:00","source":{"id":"0","name":"eventBus"}}
{"__type":"$$EventMessageNode","id":"ab71b4f9-563d-4c28-b53c-23cbc97d6333","ts":"2026-04-06T00:11:12.958+03:00","eventName":"n8n.node.finished","message":"n8n.node.finished","payload":{"workflowId":"eIVKT6edvIeqHYU8","workflowName":"ZH_MASTER_ORCHESTRATOR","executionId":"2","nodeType":"n8n-nodes-base.manualTrigger","nodeName":"Manual Trigger","nodeId":"ec5361e2-9b34-4e27-a4b0-2429056a13cd"}}
{"__type":"$$EventMessageConfirm","confirm":"ab71b4f9-563d-4c28-b53c-23cbc97d6333","ts":"2026-04-06T00:11:12.958+03:00","source":{"id":"0","name":"eventBus"}}
{"__type":"$$EventMessageNode","id":"90e98f77-5f0d-4cd2-a1fc-8071e696968c","ts":"2026-04-06T00:11:12.958+03:00","eventName":"n8n.node.started","message":"n8n.node.started","payload":{"workflowId":"eIVKT6edvIeqHYU8","workflowName":"ZH_MASTER_ORCHESTRATOR","executionId":"2","nodeType":"n8n-nodes-base.code","nodeName":"Normalize Input","nodeId":"e2140623-939c-46b8-91d6-adc1e5806ea8"}}
{"__type":"$$EventMessageConfirm","confirm":"90e98f77-5f0d-4cd2-a1fc-8071e696968c","ts":"2026-04-06T00:11:12.958+03:00","source":{"id":"0","name":"eventBus"}}
{"__type":"$$EventMessageRunner","id":"19dc3734-9501-44cc-974d-a43aeffc8ffb","ts":"2026-04-06T00:11:12.962+03:00","eventName":"n8n.runner.task.requested","message":"n8n.runner.task.requested","payload":{"taskId":"kJjJgZgp","nodeId":"e2140623-939c-46b8-91d6-adc1e5806ea8","workflowId":"eIVKT6edvIeqHYU8","executionId":"2"}}
{"__type":"$$EventMessageConfirm","confirm":"19dc3734-9501-44cc-974d-a43aeffc8ffb","ts":"2026-04-06T00:11:12.962+03:00","source":{"id":"0","name":"eventBus"}}
{"__type":"$$EventMessageRunner","id":"0a0de622-f997-4aae-a478-f256002ed4c2","ts":"2026-04-06T00:11:12.980+03:00","eventName":"n8n.runner.response.received","message":"n8n.runner.response.received","payload":{"taskId":"kJjJgZgp","nodeId":"e2140623-939c-46b8-91d6-adc1e5806ea8","workflowId":"eIVKT6edvIeqHYU8","executionId":"2"}}
{"__type":"$$EventMessageConfirm","confirm":"0a0de622-f997-4aae-a478-f256002ed4c2","ts":"2026-04-06T00:11:12.980+03:00","source":{"id":"0","name":"eventBus"}}
{"__type":"$$EventMessageNode","id":"c7a61051-bb8d-4c06-b7e9-9cfa8f68f364","ts":"2026-04-06T00:11:12.981+03:00","eventName":"n8n.node.finished","message":"n8n.node.finished","payload":{"workflowId":"eIVKT6edvIeqHYU8","workflowName":"ZH_MASTER_ORCHESTRATOR","executionId":"2","nodeType":"n8n-nodes-base.code","nodeName":"Normalize Input","nodeId":"e2140623-939c-46b8-91d6-adc1e5806ea8"}}
{"__type":"$$EventMessageConfirm","confirm":"c7a61051-bb8d-4c06-b7e9-9cfa8f68f364","ts":"2026-04-06T00:11:12.981+03:00","source":{"id":"0","name":"eventBus"}}
{"__type":"$$EventMessageNode","id":"7940f558-729a-48a1-b6fd-ec928f1eaae7","ts":"2026-04-06T00:11:12.981+03:00","eventName":"n8n.node.started","message":"n8n.node.started","payload":{"workflowId":"eIVKT6edvIeqHYU8","workflowName":"ZH_MASTER_ORCHESTRATOR","executionId":"2","nodeType":"n8n-nodes-base.code","nodeName":"Load Metric Profile","nodeId":"12f2777f-5f69-428c-8774-84d682577de0"}}
{"__type":"$$EventMessageConfirm","confirm":"7940f558-729a-48a1-b6fd-ec928f1eaae7","ts":"2026-04-06T00:11:12.981+03:00","source":{"id":"0","name":"eventBus"}}
{"__type":"$$EventMessageRunner","id":"288aa767-9f4c-4bce-8277-01b278022ec7","ts":"2026-04-06T00:11:12.982+03:00","eventName":"n8n.runner.task.requested","message":"n8n.runner.task.requested","payload":{"taskId":"6qTahXed","nodeId":"12f2777f-5f69-428c-8774-84d682577de0","workflowId":"eIVKT6edvIeqHYU8","executionId":"2"}}
{"__type":"$$EventMessageConfirm","confirm":"288aa767-9f4c-4bce-8277-01b278022ec7","ts":"2026-04-06T00:11:12.982+03:00","source":{"id":"0","name":"eventBus"}}
{"__type":"$$EventMessageNode","id":"6c76d78b-7f56-434b-a704-e28fc474fa3f","ts":"2026-04-06T00:11:12.990+03:00","eventName":"n8n.node.finished","message":"n8n.node.finished","payload":{"workflowId":"eIVKT6edvIeqHYU8","workflowName":"ZH_MASTER_ORCHESTRATOR","executionId":"2","nodeType":"n8n-nodes-base.code","nodeName":"Load Metric Profile","nodeId":"12f2777f-5f69-428c-8774-84d682577de0"}}
{"__type":"$$EventMessageConfirm","confirm":"6c76d78b-7f56-434b-a704-e28fc474fa3f","ts":"2026-04-06T00:11:12.990+03:00","source":{"id":"0","name":"eventBus"}}
{"__type":"$$EventMessageWorkflow","id":"940ba8c8-978c-4b9b-a02e-c2c38dc636c9","ts":"2026-04-06T00:11:12.993+03:00","eventName":"n8n.workflow.failed","message":"n8n.workflow.failed","payload":{"userId":"eb4035e2-2e2f-4b38-b51f-776ef28fe200","executionId":"2","success":false,"isManual":true,"mode":"manual","workflowId":"eIVKT6edvIeqHYU8","workflowName":"ZH_MASTER_ORCHESTRATOR","lastNodeExecuted":"Load Metric Profile","errorMessage":"Module 'fs' is disallowed [line 1]"}}
{"__type":"$$EventMessageConfirm","confirm":"940ba8c8-978c-4b9b-a02e-c2c38dc636c9","ts":"2026-04-06T00:11:12.993+03:00","source":{"id":"0","name":"eventBus"}}
