{"__type":"$$EventMessageWorkflow","id":"0a7a5a7a-a323-4fb1-8a04-20bb8c25c325","ts":"2026-04-06T00:13:41.076+03:00","eventName":"n8n.workflow.started","message":"n8n.workflow.started","payload":{"executionId":"3","workflowId":"eIVKT6edvIeqHYU8","isManual":false,"mode":"manual","workflowName":"ZH_MASTER_ORCHESTRATOR"}}
{"__type":"$$EventMessageConfirm","confirm":"0a7a5a7a-a323-4fb1-8a04-20bb8c25c325","ts":"2026-04-06T00:13:41.076+03:00","source":{"id":"0","name":"eventBus"}}
{"__type":"$$EventMessageAudit","id":"920b533a-471a-445b-9936-57b56bffe943","ts":"2026-04-06T00:13:41.077+03:00","eventName":"n8n.audit.workflow.executed","message":"n8n.audit.workflow.executed","payload":{"userId":"eb4035e2-2e2f-4b38-b51f-776ef28fe200","_email":"cemonat67@gmail.com","_firstName":"Cem","_lastName":"Onat","globalRole":"global:owner","workflowId":"eIVKT6edvIeqHYU8","workflowName":"ZH_MASTER_ORCHESTRATOR","executionId":"3","source":"user-manual"}}
{"__type":"$$EventMessageConfirm","confirm":"920b533a-471a-445b-9936-57b56bffe943","ts":"2026-04-06T00:13:41.077+03:00","source":{"id":"0","name":"eventBus"}}
{"__type":"$$EventMessageNode","id":"3ea0c7f3-8a24-4cb6-8a4f-0c57f9802918","ts":"2026-04-06T00:13:41.082+03:00","eventName":"n8n.node.started","message":"n8n.node.started","payload":{"workflowId":"eIVKT6edvIeqHYU8","workflowName":"ZH_MASTER_ORCHESTRATOR","executionId":"3","nodeType":"n8n-nodes-base.manualTrigger","nodeName":"Manual Trigger","nodeId":"ec5361e2-9b34-4e27-a4b0-2429056a13cd"}}
{"__type":"$$EventMessageConfirm","confirm":"3ea0c7f3-8a24-4cb6-8a4f-0c57f9802918","ts":"2026-04-06T00:13:41.082+03:00","source":{"id":"0","name":"eventBus"}}
{"__type":"$$EventMessageNode","id":"f136707b-6627-4c6e-b9d5-90282983382f","ts":"2026-04-06T00:13:41.084+03:00","eventName":"n8n.node.finished","message":"n8n.node.finished","payload":{"workflowId":"eIVKT6edvIeqHYU8","workflowName":"ZH_MASTER_ORCHESTRATOR","executionId":"3","nodeType":"n8n-nodes-base.manualTrigger","nodeName":"Manual Trigger","nodeId":"ec5361e2-9b34-4e27-a4b0-2429056a13cd"}}
{"__type":"$$EventMessageConfirm","confirm":"f136707b-6627-4c6e-b9d5-90282983382f","ts":"2026-04-06T00:13:41.084+03:00","source":{"id":"0","name":"eventBus"}}
{"__type":"$$EventMessageNode","id":"31051111-b26a-4b3a-ad81-9c0923df1cc9","ts":"2026-04-06T00:13:41.085+03:00","eventName":"n8n.node.started","message":"n8n.node.started","payload":{"workflowId":"eIVKT6edvIeqHYU8","workflowName":"ZH_MASTER_ORCHESTRATOR","executionId":"3","nodeType":"n8n-nodes-base.code","nodeName":"Normalize Input","nodeId":"e2140623-939c-46b8-91d6-adc1e5806ea8"}}
{"__type":"$$EventMessageConfirm","confirm":"31051111-b26a-4b3a-ad81-9c0923df1cc9","ts":"2026-04-06T00:13:41.085+03:00","source":{"id":"0","name":"eventBus"}}
{"__type":"$$EventMessageRunner","id":"43d9a3ad-cc14-425e-96de-efa993e21652","ts":"2026-04-06T00:13:41.090+03:00","eventName":"n8n.runner.task.requested","message":"n8n.runner.task.requested","payload":{"taskId":"Dsa-UYFj","nodeId":"e2140623-939c-46b8-91d6-adc1e5806ea8","workflowId":"eIVKT6edvIeqHYU8","executionId":"3"}}
{"__type":"$$EventMessageConfirm","confirm":"43d9a3ad-cc14-425e-96de-efa993e21652","ts":"2026-04-06T00:13:41.090+03:00","source":{"id":"0","name":"eventBus"}}
{"__type":"$$EventMessageRunner","id":"5acc3302-50d1-4169-be33-c7556c9741c8","ts":"2026-04-06T00:13:41.146+03:00","eventName":"n8n.runner.response.received","message":"n8n.runner.response.received","payload":{"taskId":"Dsa-UYFj","nodeId":"e2140623-939c-46b8-91d6-adc1e5806ea8","workflowId":"eIVKT6edvIeqHYU8","executionId":"3"}}
{"__type":"$$EventMessageConfirm","confirm":"5acc3302-50d1-4169-be33-c7556c9741c8","ts":"2026-04-06T00:13:41.146+03:00","source":{"id":"0","name":"eventBus"}}
{"__type":"$$EventMessageNode","id":"0a851940-01a2-47a3-b685-fee00cfc67f0","ts":"2026-04-06T00:13:41.146+03:00","eventName":"n8n.node.finished","message":"n8n.node.finished","payload":{"workflowId":"eIVKT6edvIeqHYU8","workflowName":"ZH_MASTER_ORCHESTRATOR","executionId":"3","nodeType":"n8n-nodes-base.code","nodeName":"Normalize Input","nodeId":"e2140623-939c-46b8-91d6-adc1e5806ea8"}}
{"__type":"$$EventMessageConfirm","confirm":"0a851940-01a2-47a3-b685-fee00cfc67f0","ts":"2026-04-06T00:13:41.146+03:00","source":{"id":"0","name":"eventBus"}}
{"__type":"$$EventMessageNode","id":"7aa934f8-3daf-47bb-84e4-2a155c432b1a","ts":"2026-04-06T00:13:41.146+03:00","eventName":"n8n.node.started","message":"n8n.node.started","payload":{"workflowId":"eIVKT6edvIeqHYU8","workflowName":"ZH_MASTER_ORCHESTRATOR","executionId":"3","nodeType":"n8n-nodes-base.code","nodeName":"Load Metric Profile","nodeId":"12f2777f-5f69-428c-8774-84d682577de0"}}
{"__type":"$$EventMessageConfirm","confirm":"7aa934f8-3daf-47bb-84e4-2a155c432b1a","ts":"2026-04-06T00:13:41.147+03:00","source":{"id":"0","name":"eventBus"}}
{"__type":"$$EventMessageRunner","id":"da8e585e-f3f0-495e-989f-3d470b6778d4","ts":"2026-04-06T00:13:41.148+03:00","eventName":"n8n.runner.task.requested","message":"n8n.runner.task.requested","payload":{"taskId":"98I3RyhK","nodeId":"12f2777f-5f69-428c-8774-84d682577de0","workflowId":"eIVKT6edvIeqHYU8","executionId":"3"}}
{"__type":"$$EventMessageConfirm","confirm":"da8e585e-f3f0-495e-989f-3d470b6778d4","ts":"2026-04-06T00:13:41.148+03:00","source":{"id":"0","name":"eventBus"}}
{"__type":"$$EventMessageNode","id":"e59c9c36-83f9-4c09-b0c6-53e4c6fd53fc","ts":"2026-04-06T00:13:41.155+03:00","eventName":"n8n.node.finished","message":"n8n.node.finished","payload":{"workflowId":"eIVKT6edvIeqHYU8","workflowName":"ZH_MASTER_ORCHESTRATOR","executionId":"3","nodeType":"n8n-nodes-base.code","nodeName":"Load Metric Profile","nodeId":"12f2777f-5f69-428c-8774-84d682577de0"}}
{"__type":"$$EventMessageConfirm","confirm":"e59c9c36-83f9-4c09-b0c6-53e4c6fd53fc","ts":"2026-04-06T00:13:41.155+03:00","source":{"id":"0","name":"eventBus"}}
{"__type":"$$EventMessageWorkflow","id":"106ed23c-943d-47a7-81e0-928f6b31bb82","ts":"2026-04-06T00:13:41.158+03:00","eventName":"n8n.workflow.failed","message":"n8n.workflow.failed","payload":{"userId":"eb4035e2-2e2f-4b38-b51f-776ef28fe200","executionId":"3","success":false,"isManual":true,"mode":"manual","workflowId":"eIVKT6edvIeqHYU8","workflowName":"ZH_MASTER_ORCHESTRATOR","lastNodeExecuted":"Load Metric Profile","errorMessage":"ENOENT: no such file or directory, open '/workflows/../docs/metric_profiles.json'"}}
{"__type":"$$EventMessageConfirm","confirm":"106ed23c-943d-47a7-81e0-928f6b31bb82","ts":"2026-04-06T00:13:41.158+03:00","source":{"id":"0","name":"eventBus"}}
{"__type":"$$EventMessageWorkflow","id":"6a51673d-64e8-442b-823b-1d9585d03624","ts":"2026-04-06T00:13:46.981+03:00","eventName":"n8n.workflow.failed","message":"n8n.workflow.failed","payload":{"userId":"eb4035e2-2e2f-4b38-b51f-776ef28fe200","executionId":"4","success":false,"isManual":true,"mode":"manual","workflowId":"eIVKT6edvIeqHYU8","workflowName":"ZH_MASTER_ORCHESTRATOR","errorMessage":"The workflow has issues and cannot be executed for that reason. Please fix them first."}}
{"__type":"$$EventMessageConfirm","confirm":"6a51673d-64e8-442b-823b-1d9585d03624","ts":"2026-04-06T00:13:46.981+03:00","source":{"id":"0","name":"eventBus"}}
{"__type":"$$EventMessageAudit","id":"5fcedad0-dedf-4f9c-847e-ba9e59287137","ts":"2026-04-06T00:16:06.385+03:00","eventName":"n8n.audit.workflow.updated","message":"n8n.audit.workflow.updated","payload":{"userId":"eb4035e2-2e2f-4b38-b51f-776ef28fe200","_email":"cemonat67@gmail.com","_firstName":"Cem","_lastName":"Onat","globalRole":"global:owner","workflowId":"eIVKT6edvIeqHYU8","workflowName":"ZH_MASTER_ORCHESTRATOR"}}
{"__type":"$$EventMessageConfirm","confirm":"5fcedad0-dedf-4f9c-847e-ba9e59287137","ts":"2026-04-06T00:16:06.385+03:00","source":{"id":"0","name":"eventBus"}}
{"__type":"$$EventMessageWorkflow","id":"9d40db9d-c17c-491f-b7c7-aeb332cc5e17","ts":"2026-04-06T00:26:09.343+03:00","eventName":"n8n.workflow.started","message":"n8n.workflow.started","payload":{"executionId":"5","workflowId":"eIVKT6edvIeqHYU8","isManual":false,"mode":"manual","workflowName":"ZH_MASTER_ORCHESTRATOR"}}
{"__type":"$$EventMessageConfirm","confirm":"9d40db9d-c17c-491f-b7c7-aeb332cc5e17","ts":"2026-04-06T00:26:09.344+03:00","source":{"id":"0","name":"eventBus"}}
{"__type":"$$EventMessageAudit","id":"cfc4da1f-fe0d-46e9-b8ac-1d12d6a4733f","ts":"2026-04-06T00:26:09.345+03:00","eventName":"n8n.audit.workflow.executed","message":"n8n.audit.workflow.executed","payload":{"userId":"eb4035e2-2e2f-4b38-b51f-776ef28fe200","_email":"cemonat67@gmail.com","_firstName":"Cem","_lastName":"Onat","globalRole":"global:owner","workflowId":"eIVKT6edvIeqHYU8","workflowName":"ZH_MASTER_ORCHESTRATOR","executionId":"5","source":"user-manual"}}
{"__type":"$$EventMessageConfirm","confirm":"cfc4da1f-fe0d-46e9-b8ac-1d12d6a4733f","ts":"2026-04-06T00:26:09.345+03:00","source":{"id":"0","name":"eventBus"}}
{"__type":"$$EventMessageNode","id":"9b3f10d6-443d-454a-9abb-59a063781209","ts":"2026-04-06T00:26:09.350+03:00","eventName":"n8n.node.started","message":"n8n.node.started","payload":{"workflowId":"eIVKT6edvIeqHYU8","workflowName":"ZH_MASTER_ORCHESTRATOR","executionId":"5","nodeType":"n8n-nodes-base.manualTrigger","nodeName":"Manual Trigger","nodeId":"ec5361e2-9b34-4e27-a4b0-2429056a13cd"}}
{"__type":"$$EventMessageConfirm","confirm":"9b3f10d6-443d-454a-9abb-59a063781209","ts":"2026-04-06T00:26:09.350+03:00","source":{"id":"0","name":"eventBus"}}
{"__type":"$$EventMessageNode","id":"032c3a1e-0b14-4e74-9f90-353fe5a6c719","ts":"2026-04-06T00:26:09.351+03:00","eventName":"n8n.node.finished","message":"n8n.node.finished","payload":{"workflowId":"eIVKT6edvIeqHYU8","workflowName":"ZH_MASTER_ORCHESTRATOR","executionId":"5","nodeType":"n8n-nodes-base.manualTrigger","nodeName":"Manual Trigger","nodeId":"ec5361e2-9b34-4e27-a4b0-2429056a13cd"}}
{"__type":"$$EventMessageConfirm","confirm":"032c3a1e-0b14-4e74-9f90-353fe5a6c719","ts":"2026-04-06T00:26:09.351+03:00","source":{"id":"0","name":"eventBus"}}
{"__type":"$$EventMessageWorkflow","id":"ae39548f-4eb8-43f6-a733-12f704ab78b6","ts":"2026-04-06T00:26:09.355+03:00","eventName":"n8n.workflow.success","message":"n8n.workflow.success","payload":{"userId":"eb4035e2-2e2f-4b38-b51f-776ef28fe200","executionId":"5","success":true,"isManual":true,"mode":"manual","workflowId":"eIVKT6edvIeqHYU8","workflowName":"ZH_MASTER_ORCHESTRATOR"}}
{"__type":"$$EventMessageConfirm","confirm":"ae39548f-4eb8-43f6-a733-12f704ab78b6","ts":"2026-04-06T00:26:09.355+03:00","source":{"id":"0","name":"eventBus"}}
{"__type":"$$EventMessageWorkflow","id":"63551315-b53c-438d-9c6b-9ee0f31b23b0","ts":"2026-04-06T00:26:20.412+03:00","eventName":"n8n.workflow.started","message":"n8n.workflow.started","payload":{"executionId":"6","workflowId":"eIVKT6edvIeqHYU8","isManual":false,"mode":"manual","workflowName":"ZH_MASTER_ORCHESTRATOR"}}
{"__type":"$$EventMessageConfirm","confirm":"63551315-b53c-438d-9c6b-9ee0f31b23b0","ts":"2026-04-06T00:26:20.412+03:00","source":{"id":"0","name":"eventBus"}}
{"__type":"$$EventMessageAudit","id":"736c2d68-0813-4ce9-a1f2-746f49adb1d0","ts":"2026-04-06T00:26:20.413+03:00","eventName":"n8n.audit.workflow.executed","message":"n8n.audit.workflow.executed","payload":{"userId":"eb4035e2-2e2f-4b38-b51f-776ef28fe200","_email":"cemonat67@gmail.com","_firstName":"Cem","_lastName":"Onat","globalRole":"global:owner","workflowId":"eIVKT6edvIeqHYU8","workflowName":"ZH_MASTER_ORCHESTRATOR","executionId":"6","source":"user-manual"}}
{"__type":"$$EventMessageConfirm","confirm":"736c2d68-0813-4ce9-a1f2-746f49adb1d0","ts":"2026-04-06T00:26:20.413+03:00","source":{"id":"0","name":"eventBus"}}
{"__type":"$$EventMessageNode","id":"556bf227-4f85-4f5d-9b69-a7d85de2f350","ts":"2026-04-06T00:26:20.419+03:00","eventName":"n8n.node.started","message":"n8n.node.started","payload":{"workflowId":"eIVKT6edvIeqHYU8","workflowName":"ZH_MASTER_ORCHESTRATOR","executionId":"6","nodeType":"n8n-nodes-base.scheduleTrigger","nodeName":"Schedule Trigger","nodeId":"1132d355-26dc-4343-9fac-eba4fd704ad0"}}
{"__type":"$$EventMessageConfirm","confirm":"556bf227-4f85-4f5d-9b69-a7d85de2f350","ts":"2026-04-06T00:26:20.419+03:00","source":{"id":"0","name":"eventBus"}}
{"__type":"$$EventMessageNode","id":"a710cea9-1d31-4614-bb38-661600d862e7","ts":"2026-04-06T00:26:20.425+03:00","eventName":"n8n.node.finished","message":"n8n.node.finished","payload":{"workflowId":"eIVKT6edvIeqHYU8","workflowName":"ZH_MASTER_ORCHESTRATOR","executionId":"6","nodeType":"n8n-nodes-base.scheduleTrigger","nodeName":"Schedule Trigger","nodeId":"1132d355-26dc-4343-9fac-eba4fd704ad0"}}
{"__type":"$$EventMessageConfirm","confirm":"a710cea9-1d31-4614-bb38-661600d862e7","ts":"2026-04-06T00:26:20.425+03:00","source":{"id":"0","name":"eventBus"}}
{"__type":"$$EventMessageWorkflow","id":"b976e986-2935-4964-a22b-8399618bc38c","ts":"2026-04-06T00:26:20.427+03:00","eventName":"n8n.workflow.success","message":"n8n.workflow.success","payload":{"userId":"eb4035e2-2e2f-4b38-b51f-776ef28fe200","executionId":"6","success":true,"isManual":true,"mode":"manual","workflowId":"eIVKT6edvIeqHYU8","workflowName":"ZH_MASTER_ORCHESTRATOR"}}
{"__type":"$$EventMessageConfirm","confirm":"b976e986-2935-4964-a22b-8399618bc38c","ts":"2026-04-06T00:26:20.427+03:00","source":{"id":"0","name":"eventBus"}}
{"__type":"$$EventMessageWorkflow","id":"44c72704-51dc-4270-ac07-3edb9211edcd","ts":"2026-04-06T00:26:58.500+03:00","eventName":"n8n.workflow.started","message":"n8n.workflow.started","payload":{"executionId":"7","workflowId":"eIVKT6edvIeqHYU8","isManual":false,"mode":"manual","workflowName":"ZH_MASTER_ORCHESTRATOR"}}
{"__type":"$$EventMessageConfirm","confirm":"44c72704-51dc-4270-ac07-3edb9211edcd","ts":"2026-04-06T00:26:58.500+03:00","source":{"id":"0","name":"eventBus"}}
{"__type":"$$EventMessageAudit","id":"84791a35-aeb6-4ebc-b378-273475355bf8","ts":"2026-04-06T00:26:58.501+03:00","eventName":"n8n.audit.workflow.executed","message":"n8n.audit.workflow.executed","payload":{"userId":"eb4035e2-2e2f-4b38-b51f-776ef28fe200","_email":"cemonat67@gmail.com","_firstName":"Cem","_lastName":"Onat","globalRole":"global:owner","workflowId":"eIVKT6edvIeqHYU8","workflowName":"ZH_MASTER_ORCHESTRATOR","executionId":"7","source":"user-manual"}}
{"__type":"$$EventMessageConfirm","confirm":"84791a35-aeb6-4ebc-b378-273475355bf8","ts":"2026-04-06T00:26:58.501+03:00","source":{"id":"0","name":"eventBus"}}
{"__type":"$$EventMessageNode","id":"7a7281dd-276a-4c8a-87ce-57213fc96e5c","ts":"2026-04-06T00:26:58.508+03:00","eventName":"n8n.node.started","message":"n8n.node.started","payload":{"workflowId":"eIVKT6edvIeqHYU8","workflowName":"ZH_MASTER_ORCHESTRATOR","executionId":"7","nodeType":"n8n-nodes-base.manualTrigger","nodeName":"Manual Trigger","nodeId":"ec5361e2-9b34-4e27-a4b0-2429056a13cd"}}
{"__type":"$$EventMessageConfirm","confirm":"7a7281dd-276a-4c8a-87ce-57213fc96e5c","ts":"2026-04-06T00:26:58.508+03:00","source":{"id":"0","name":"eventBus"}}
{"__type":"$$EventMessageNode","id":"d4eb23a1-238a-4a61-a4dc-1661c252cb2a","ts":"2026-04-06T00:26:58.509+03:00","eventName":"n8n.node.finished","message":"n8n.node.finished","payload":{"workflowId":"eIVKT6edvIeqHYU8","workflowName":"ZH_MASTER_ORCHESTRATOR","executionId":"7","nodeType":"n8n-nodes-base.manualTrigger","nodeName":"Manual Trigger","nodeId":"ec5361e2-9b34-4e27-a4b0-2429056a13cd"}}
{"__type":"$$EventMessageConfirm","confirm":"d4eb23a1-238a-4a61-a4dc-1661c252cb2a","ts":"2026-04-06T00:26:58.510+03:00","source":{"id":"0","name":"eventBus"}}
{"__type":"$$EventMessageNode","id":"a5ac6fcc-7bf3-47d2-8663-b8e521ac7d59","ts":"2026-04-06T00:26:58.510+03:00","eventName":"n8n.node.started","message":"n8n.node.started","payload":{"workflowId":"eIVKT6edvIeqHYU8","workflowName":"ZH_MASTER_ORCHESTRATOR","executionId":"7","nodeType":"n8n-nodes-base.code","nodeName":"Normalize Input","nodeId":"e2140623-939c-46b8-91d6-adc1e5806ea8"}}
{"__type":"$$EventMessageConfirm","confirm":"a5ac6fcc-7bf3-47d2-8663-b8e521ac7d59","ts":"2026-04-06T00:26:58.510+03:00","source":{"id":"0","name":"eventBus"}}
{"__type":"$$EventMessageRunner","id":"eed8a212-86b5-4582-a8ae-fc644242b022","ts":"2026-04-06T00:26:58.517+03:00","eventName":"n8n.runner.task.requested","message":"n8n.runner.task.requested","payload":{"taskId":"Diwrd454","nodeId":"e2140623-939c-46b8-91d6-adc1e5806ea8","workflowId":"eIVKT6edvIeqHYU8","executionId":"7"}}
{"__type":"$$EventMessageConfirm","confirm":"eed8a212-86b5-4582-a8ae-fc644242b022","ts":"2026-04-06T00:26:58.517+03:00","source":{"id":"0","name":"eventBus"}}
{"__type":"$$EventMessageRunner","id":"264934ef-73ca-4f2f-a97a-105be40b138f","ts":"2026-04-06T00:26:58.530+03:00","eventName":"n8n.runner.response.received","message":"n8n.runner.response.received","payload":{"taskId":"Diwrd454","nodeId":"e2140623-939c-46b8-91d6-adc1e5806ea8","workflowId":"eIVKT6edvIeqHYU8","executionId":"7"}}
{"__type":"$$EventMessageConfirm","confirm":"264934ef-73ca-4f2f-a97a-105be40b138f","ts":"2026-04-06T00:26:58.530+03:00","source":{"id":"0","name":"eventBus"}}
{"__type":"$$EventMessageNode","id":"631362ca-1774-46af-b0c5-80034b86c02e","ts":"2026-04-06T00:26:58.530+03:00","eventName":"n8n.node.finished","message":"n8n.node.finished","payload":{"workflowId":"eIVKT6edvIeqHYU8","workflowName":"ZH_MASTER_ORCHESTRATOR","executionId":"7","nodeType":"n8n-nodes-base.code","nodeName":"Normalize Input","nodeId":"e2140623-939c-46b8-91d6-adc1e5806ea8"}}
{"__type":"$$EventMessageConfirm","confirm":"631362ca-1774-46af-b0c5-80034b86c02e","ts":"2026-04-06T00:26:58.530+03:00","source":{"id":"0","name":"eventBus"}}
{"__type":"$$EventMessageNode","id":"f7792c51-5a13-4720-8b17-c2e5167d7536","ts":"2026-04-06T00:26:58.531+03:00","eventName":"n8n.node.started","message":"n8n.node.started","payload":{"workflowId":"eIVKT6edvIeqHYU8","workflowName":"ZH_MASTER_ORCHESTRATOR","executionId":"7","nodeType":"n8n-nodes-base.code","nodeName":"Load Metric Profile","nodeId":"12f2777f-5f69-428c-8774-84d682577de0"}}
{"__type":"$$EventMessageConfirm","confirm":"f7792c51-5a13-4720-8b17-c2e5167d7536","ts":"2026-04-06T00:26:58.531+03:00","source":{"id":"0","name":"eventBus"}}
{"__type":"$$EventMessageRunner","id":"e7997874-0e3c-40e6-b54a-29a3072a1eed","ts":"2026-04-06T00:26:58.532+03:00","eventName":"n8n.runner.task.requested","message":"n8n.runner.task.requested","payload":{"taskId":"NzGHyJOc","nodeId":"12f2777f-5f69-428c-8774-84d682577de0","workflowId":"eIVKT6edvIeqHYU8","executionId":"7"}}
{"__type":"$$EventMessageConfirm","confirm":"e7997874-0e3c-40e6-b54a-29a3072a1eed","ts":"2026-04-06T00:26:58.532+03:00","source":{"id":"0","name":"eventBus"}}
{"__type":"$$EventMessageNode","id":"dfa771a7-0e2f-49f4-bace-61d4b7263563","ts":"2026-04-06T00:26:58.538+03:00","eventName":"n8n.node.finished","message":"n8n.node.finished","payload":{"workflowId":"eIVKT6edvIeqHYU8","workflowName":"ZH_MASTER_ORCHESTRATOR","executionId":"7","nodeType":"n8n-nodes-base.code","nodeName":"Load Metric Profile","nodeId":"12f2777f-5f69-428c-8774-84d682577de0"}}
{"__type":"$$EventMessageConfirm","confirm":"dfa771a7-0e2f-49f4-bace-61d4b7263563","ts":"2026-04-06T00:26:58.538+03:00","source":{"id":"0","name":"eventBus"}}
{"__type":"$$EventMessageWorkflow","id":"cdeca4a0-48f5-48ba-bb01-1ed8a3c50fe6","ts":"2026-04-06T00:26:58.540+03:00","eventName":"n8n.workflow.failed","message":"n8n.workflow.failed","payload":{"userId":"eb4035e2-2e2f-4b38-b51f-776ef28fe200","executionId":"7","success":false,"isManual":true,"mode":"manual","workflowId":"eIVKT6edvIeqHYU8","workflowName":"ZH_MASTER_ORCHESTRATOR","lastNodeExecuted":"Load Metric Profile","errorMessage":"ENOENT: no such file or directory, open '/workflows/../docs/metric_profiles.json'"}}
{"__type":"$$EventMessageConfirm","confirm":"cdeca4a0-48f5-48ba-bb01-1ed8a3c50fe6","ts":"2026-04-06T00:26:58.540+03:00","source":{"id":"0","name":"eventBus"}}
