{"__type":"$$EventMessageWorkflow","id":"a289f9c0-9202-4762-b7a9-b05c9447e67e","ts":"2026-04-06T00:56:39.328+03:00","eventName":"n8n.workflow.started","message":"n8n.workflow.started","payload":{"executionId":"11","workflowId":"eIVKT6edvIeqHYU8","isManual":false,"mode":"manual","workflowName":"ZH_MASTER_ORCHESTRATOR"}}
{"__type":"$$EventMessageConfirm","confirm":"a289f9c0-9202-4762-b7a9-b05c9447e67e","ts":"2026-04-06T00:56:39.329+03:00","source":{"id":"0","name":"eventBus"}}
{"__type":"$$EventMessageAudit","id":"63ae83fe-e665-46fd-83b8-d9733e61bdf2","ts":"2026-04-06T00:56:39.330+03:00","eventName":"n8n.audit.workflow.executed","message":"n8n.audit.workflow.executed","payload":{"userId":"eb4035e2-2e2f-4b38-b51f-776ef28fe200","_email":"cemonat67@gmail.com","_firstName":"Cem","_lastName":"Onat","globalRole":"global:owner","workflowId":"eIVKT6edvIeqHYU8","workflowName":"ZH_MASTER_ORCHESTRATOR","executionId":"11","source":"user-manual"}}
{"__type":"$$EventMessageConfirm","confirm":"63ae83fe-e665-46fd-83b8-d9733e61bdf2","ts":"2026-04-06T00:56:39.330+03:00","source":{"id":"0","name":"eventBus"}}
{"__type":"$$EventMessageNode","id":"000a8985-7bc9-4d37-82da-f5bba5f2f39b","ts":"2026-04-06T00:56:39.335+03:00","eventName":"n8n.node.started","message":"n8n.node.started","payload":{"workflowId":"eIVKT6edvIeqHYU8","workflowName":"ZH_MASTER_ORCHESTRATOR","executionId":"11","nodeType":"n8n-nodes-base.scheduleTrigger","nodeName":"Schedule Trigger","nodeId":"schedule-trigger"}}
{"__type":"$$EventMessageConfirm","confirm":"000a8985-7bc9-4d37-82da-f5bba5f2f39b","ts":"2026-04-06T00:56:39.335+03:00","source":{"id":"0","name":"eventBus"}}
{"__type":"$$EventMessageNode","id":"b9357c80-ea2a-4be7-9471-16d89ff27dbc","ts":"2026-04-06T00:56:39.340+03:00","eventName":"n8n.node.finished","message":"n8n.node.finished","payload":{"workflowId":"eIVKT6edvIeqHYU8","workflowName":"ZH_MASTER_ORCHESTRATOR","executionId":"11","nodeType":"n8n-nodes-base.scheduleTrigger","nodeName":"Schedule Trigger","nodeId":"schedule-trigger"}}
{"__type":"$$EventMessageConfirm","confirm":"b9357c80-ea2a-4be7-9471-16d89ff27dbc","ts":"2026-04-06T00:56:39.340+03:00","source":{"id":"0","name":"eventBus"}}
{"__type":"$$EventMessageNode","id":"5a8589b7-8a4b-4c53-9009-f8b0ad1b7c27","ts":"2026-04-06T00:56:39.341+03:00","eventName":"n8n.node.started","message":"n8n.node.started","payload":{"workflowId":"eIVKT6edvIeqHYU8","workflowName":"ZH_MASTER_ORCHESTRATOR","executionId":"11","nodeType":"n8n-nodes-base.code","nodeName":"Load Active Facilities","nodeId":"load-facilities"}}
{"__type":"$$EventMessageConfirm","confirm":"5a8589b7-8a4b-4c53-9009-f8b0ad1b7c27","ts":"2026-04-06T00:56:39.341+03:00","source":{"id":"0","name":"eventBus"}}
{"__type":"$$EventMessageRunner","id":"1018c45b-2087-4604-a9ea-fde77b899f8a","ts":"2026-04-06T00:56:39.349+03:00","eventName":"n8n.runner.task.requested","message":"n8n.runner.task.requested","payload":{"taskId":"f63Y4kkp","nodeId":"load-facilities","workflowId":"eIVKT6edvIeqHYU8","executionId":"11"}}
{"__type":"$$EventMessageConfirm","confirm":"1018c45b-2087-4604-a9ea-fde77b899f8a","ts":"2026-04-06T00:56:39.349+03:00","source":{"id":"0","name":"eventBus"}}
{"__type":"$$EventMessageRunner","id":"802278fa-626f-42aa-9131-0c6a2416ae4c","ts":"2026-04-06T00:56:39.408+03:00","eventName":"n8n.runner.response.received","message":"n8n.runner.response.received","payload":{"taskId":"f63Y4kkp","nodeId":"load-facilities","workflowId":"eIVKT6edvIeqHYU8","executionId":"11"}}
{"__type":"$$EventMessageConfirm","confirm":"802278fa-626f-42aa-9131-0c6a2416ae4c","ts":"2026-04-06T00:56:39.408+03:00","source":{"id":"0","name":"eventBus"}}
{"__type":"$$EventMessageNode","id":"94ec50be-d5f5-4927-9cb6-698230a3cdfc","ts":"2026-04-06T00:56:39.408+03:00","eventName":"n8n.node.finished","message":"n8n.node.finished","payload":{"workflowId":"eIVKT6edvIeqHYU8","workflowName":"ZH_MASTER_ORCHESTRATOR","executionId":"11","nodeType":"n8n-nodes-base.code","nodeName":"Load Active Facilities","nodeId":"load-facilities"}}
{"__type":"$$EventMessageConfirm","confirm":"94ec50be-d5f5-4927-9cb6-698230a3cdfc","ts":"2026-04-06T00:56:39.408+03:00","source":{"id":"0","name":"eventBus"}}
{"__type":"$$EventMessageNode","id":"4b5961a8-082a-4cf4-bfa5-a0a470cbf562","ts":"2026-04-06T00:56:39.409+03:00","eventName":"n8n.node.started","message":"n8n.node.started","payload":{"workflowId":"eIVKT6edvIeqHYU8","workflowName":"ZH_MASTER_ORCHESTRATOR","executionId":"11","nodeType":"n8n-nodes-base.splitInBatches","nodeName":"Split Facilities","nodeId":"split-facilities"}}
{"__type":"$$EventMessageConfirm","confirm":"4b5961a8-082a-4cf4-bfa5-a0a470cbf562","ts":"2026-04-06T00:56:39.409+03:00","source":{"id":"0","name":"eventBus"}}
{"__type":"$$EventMessageNode","id":"416baa0d-ac78-44c7-a7a5-2a30575afc59","ts":"2026-04-06T00:56:39.409+03:00","eventName":"n8n.node.finished","message":"n8n.node.finished","payload":{"workflowId":"eIVKT6edvIeqHYU8","workflowName":"ZH_MASTER_ORCHESTRATOR","executionId":"11","nodeType":"n8n-nodes-base.splitInBatches","nodeName":"Split Facilities","nodeId":"split-facilities"}}
{"__type":"$$EventMessageConfirm","confirm":"416baa0d-ac78-44c7-a7a5-2a30575afc59","ts":"2026-04-06T00:56:39.409+03:00","source":{"id":"0","name":"eventBus"}}
{"__type":"$$EventMessageWorkflow","id":"5cc6a907-e6dd-42f1-afa5-e15995e9ab3a","ts":"2026-04-06T00:56:39.412+03:00","eventName":"n8n.workflow.success","message":"n8n.workflow.success","payload":{"userId":"eb4035e2-2e2f-4b38-b51f-776ef28fe200","executionId":"11","success":true,"isManual":true,"mode":"manual","workflowId":"eIVKT6edvIeqHYU8","workflowName":"ZH_MASTER_ORCHESTRATOR"}}
{"__type":"$$EventMessageConfirm","confirm":"5cc6a907-e6dd-42f1-afa5-e15995e9ab3a","ts":"2026-04-06T00:56:39.412+03:00","source":{"id":"0","name":"eventBus"}}
{"__type":"$$EventMessageWorkflow","id":"05f96e83-04d4-47cc-9e33-188967551f35","ts":"2026-04-06T00:56:46.253+03:00","eventName":"n8n.workflow.started","message":"n8n.workflow.started","payload":{"executionId":"12","workflowId":"eIVKT6edvIeqHYU8","isManual":false,"mode":"manual","workflowName":"ZH_MASTER_ORCHESTRATOR"}}
{"__type":"$$EventMessageConfirm","confirm":"05f96e83-04d4-47cc-9e33-188967551f35","ts":"2026-04-06T00:56:46.253+03:00","source":{"id":"0","name":"eventBus"}}
{"__type":"$$EventMessageAudit","id":"aeaced88-677d-402a-8d0d-be84b4509e45","ts":"2026-04-06T00:56:46.255+03:00","eventName":"n8n.audit.workflow.executed","message":"n8n.audit.workflow.executed","payload":{"userId":"eb4035e2-2e2f-4b38-b51f-776ef28fe200","_email":"cemonat67@gmail.com","_firstName":"Cem","_lastName":"Onat","globalRole":"global:owner","workflowId":"eIVKT6edvIeqHYU8","workflowName":"ZH_MASTER_ORCHESTRATOR","executionId":"12","source":"user-manual"}}
{"__type":"$$EventMessageConfirm","confirm":"aeaced88-677d-402a-8d0d-be84b4509e45","ts":"2026-04-06T00:56:46.255+03:00","source":{"id":"0","name":"eventBus"}}
{"__type":"$$EventMessageNode","id":"dd61c86f-b372-4ef6-9db9-a201d8b6a075","ts":"2026-04-06T00:56:46.260+03:00","eventName":"n8n.node.started","message":"n8n.node.started","payload":{"workflowId":"eIVKT6edvIeqHYU8","workflowName":"ZH_MASTER_ORCHESTRATOR","executionId":"12","nodeType":"n8n-nodes-base.scheduleTrigger","nodeName":"Schedule Trigger","nodeId":"schedule-trigger"}}
{"__type":"$$EventMessageConfirm","confirm":"dd61c86f-b372-4ef6-9db9-a201d8b6a075","ts":"2026-04-06T00:56:46.260+03:00","source":{"id":"0","name":"eventBus"}}
{"__type":"$$EventMessageNode","id":"579e96e7-fdfb-4493-a84b-325a82331498","ts":"2026-04-06T00:56:46.262+03:00","eventName":"n8n.node.finished","message":"n8n.node.finished","payload":{"workflowId":"eIVKT6edvIeqHYU8","workflowName":"ZH_MASTER_ORCHESTRATOR","executionId":"12","nodeType":"n8n-nodes-base.scheduleTrigger","nodeName":"Schedule Trigger","nodeId":"schedule-trigger"}}
{"__type":"$$EventMessageConfirm","confirm":"579e96e7-fdfb-4493-a84b-325a82331498","ts":"2026-04-06T00:56:46.262+03:00","source":{"id":"0","name":"eventBus"}}
{"__type":"$$EventMessageNode","id":"04e6b9e4-1a7e-41ce-bcd8-53b19be83f34","ts":"2026-04-06T00:56:46.262+03:00","eventName":"n8n.node.started","message":"n8n.node.started","payload":{"workflowId":"eIVKT6edvIeqHYU8","workflowName":"ZH_MASTER_ORCHESTRATOR","executionId":"12","nodeType":"n8n-nodes-base.code","nodeName":"Load Active Facilities","nodeId":"load-facilities"}}
{"__type":"$$EventMessageConfirm","confirm":"04e6b9e4-1a7e-41ce-bcd8-53b19be83f34","ts":"2026-04-06T00:56:46.262+03:00","source":{"id":"0","name":"eventBus"}}
{"__type":"$$EventMessageRunner","id":"3b4f57a9-4825-442a-b72a-edaa77659d62","ts":"2026-04-06T00:56:46.263+03:00","eventName":"n8n.runner.task.requested","message":"n8n.runner.task.requested","payload":{"taskId":"mHHiVi82","nodeId":"load-facilities","workflowId":"eIVKT6edvIeqHYU8","executionId":"12"}}
{"__type":"$$EventMessageConfirm","confirm":"3b4f57a9-4825-442a-b72a-edaa77659d62","ts":"2026-04-06T00:56:46.263+03:00","source":{"id":"0","name":"eventBus"}}
{"__type":"$$EventMessageRunner","id":"fd4591d7-db41-4531-85be-bdcb83c08976","ts":"2026-04-06T00:56:46.269+03:00","eventName":"n8n.runner.response.received","message":"n8n.runner.response.received","payload":{"taskId":"mHHiVi82","nodeId":"load-facilities","workflowId":"eIVKT6edvIeqHYU8","executionId":"12"}}
{"__type":"$$EventMessageConfirm","confirm":"fd4591d7-db41-4531-85be-bdcb83c08976","ts":"2026-04-06T00:56:46.269+03:00","source":{"id":"0","name":"eventBus"}}
{"__type":"$$EventMessageNode","id":"420a8b50-df46-4323-ad88-880c501ba2a1","ts":"2026-04-06T00:56:46.269+03:00","eventName":"n8n.node.finished","message":"n8n.node.finished","payload":{"workflowId":"eIVKT6edvIeqHYU8","workflowName":"ZH_MASTER_ORCHESTRATOR","executionId":"12","nodeType":"n8n-nodes-base.code","nodeName":"Load Active Facilities","nodeId":"load-facilities"}}
{"__type":"$$EventMessageConfirm","confirm":"420a8b50-df46-4323-ad88-880c501ba2a1","ts":"2026-04-06T00:56:46.269+03:00","source":{"id":"0","name":"eventBus"}}
{"__type":"$$EventMessageNode","id":"d1d1883b-a592-4877-9e02-5af96e8feadc","ts":"2026-04-06T00:56:46.269+03:00","eventName":"n8n.node.started","message":"n8n.node.started","payload":{"workflowId":"eIVKT6edvIeqHYU8","workflowName":"ZH_MASTER_ORCHESTRATOR","executionId":"12","nodeType":"n8n-nodes-base.splitInBatches","nodeName":"Split Facilities","nodeId":"split-facilities"}}
{"__type":"$$EventMessageConfirm","confirm":"d1d1883b-a592-4877-9e02-5af96e8feadc","ts":"2026-04-06T00:56:46.270+03:00","source":{"id":"0","name":"eventBus"}}
{"__type":"$$EventMessageNode","id":"42c8d68f-35d0-4c38-b861-c8666ce61b1b","ts":"2026-04-06T00:56:46.270+03:00","eventName":"n8n.node.finished","message":"n8n.node.finished","payload":{"workflowId":"eIVKT6edvIeqHYU8","workflowName":"ZH_MASTER_ORCHESTRATOR","executionId":"12","nodeType":"n8n-nodes-base.splitInBatches","nodeName":"Split Facilities","nodeId":"split-facilities"}}
{"__type":"$$EventMessageConfirm","confirm":"42c8d68f-35d0-4c38-b861-c8666ce61b1b","ts":"2026-04-06T00:56:46.270+03:00","source":{"id":"0","name":"eventBus"}}
{"__type":"$$EventMessageWorkflow","id":"3f8bb555-188e-4caf-85de-37bac710e874","ts":"2026-04-06T00:56:46.272+03:00","eventName":"n8n.workflow.success","message":"n8n.workflow.success","payload":{"userId":"eb4035e2-2e2f-4b38-b51f-776ef28fe200","executionId":"12","success":true,"isManual":true,"mode":"manual","workflowId":"eIVKT6edvIeqHYU8","workflowName":"ZH_MASTER_ORCHESTRATOR"}}
{"__type":"$$EventMessageConfirm","confirm":"3f8bb555-188e-4caf-85de-37bac710e874","ts":"2026-04-06T00:56:46.272+03:00","source":{"id":"0","name":"eventBus"}}
{"__type":"$$EventMessageWorkflow","id":"380b54d4-20e1-466f-81d9-f3537a867be2","ts":"2026-04-06T11:03:19.027+03:00","eventName":"n8n.workflow.started","message":"n8n.workflow.started","payload":{"executionId":"13","workflowId":"eIVKT6edvIeqHYU8","isManual":false,"mode":"manual","workflowName":"ZH_MASTER_ORCHESTRATOR"}}
{"__type":"$$EventMessageConfirm","confirm":"380b54d4-20e1-466f-81d9-f3537a867be2","ts":"2026-04-06T11:03:19.028+03:00","source":{"id":"0","name":"eventBus"}}
{"__type":"$$EventMessageAudit","id":"1915086d-1919-4920-be50-30c57dead710","ts":"2026-04-06T11:03:19.028+03:00","eventName":"n8n.audit.workflow.executed","message":"n8n.audit.workflow.executed","payload":{"userId":"eb4035e2-2e2f-4b38-b51f-776ef28fe200","_email":"cemonat67@gmail.com","_firstName":"Cem","_lastName":"Onat","globalRole":"global:owner","workflowId":"eIVKT6edvIeqHYU8","workflowName":"ZH_MASTER_ORCHESTRATOR","executionId":"13","source":"user-manual"}}
{"__type":"$$EventMessageConfirm","confirm":"1915086d-1919-4920-be50-30c57dead710","ts":"2026-04-06T11:03:19.028+03:00","source":{"id":"0","name":"eventBus"}}
{"__type":"$$EventMessageNode","id":"8f7d4bc0-9126-408a-ae58-27499402089c","ts":"2026-04-06T11:03:19.034+03:00","eventName":"n8n.node.started","message":"n8n.node.started","payload":{"workflowId":"eIVKT6edvIeqHYU8","workflowName":"ZH_MASTER_ORCHESTRATOR","executionId":"13","nodeType":"n8n-nodes-base.scheduleTrigger","nodeName":"Schedule Trigger","nodeId":"schedule-trigger"}}
{"__type":"$$EventMessageConfirm","confirm":"8f7d4bc0-9126-408a-ae58-27499402089c","ts":"2026-04-06T11:03:19.034+03:00","source":{"id":"0","name":"eventBus"}}
{"__type":"$$EventMessageNode","id":"336734cc-1439-413f-9723-88d89c30bc31","ts":"2026-04-06T11:03:19.038+03:00","eventName":"n8n.node.finished","message":"n8n.node.finished","payload":{"workflowId":"eIVKT6edvIeqHYU8","workflowName":"ZH_MASTER_ORCHESTRATOR","executionId":"13","nodeType":"n8n-nodes-base.scheduleTrigger","nodeName":"Schedule Trigger","nodeId":"schedule-trigger"}}
{"__type":"$$EventMessageConfirm","confirm":"336734cc-1439-413f-9723-88d89c30bc31","ts":"2026-04-06T11:03:19.038+03:00","source":{"id":"0","name":"eventBus"}}
{"__type":"$$EventMessageNode","id":"24eb3f36-e5c3-451a-b0bd-0e574db76e98","ts":"2026-04-06T11:03:19.039+03:00","eventName":"n8n.node.started","message":"n8n.node.started","payload":{"workflowId":"eIVKT6edvIeqHYU8","workflowName":"ZH_MASTER_ORCHESTRATOR","executionId":"13","nodeType":"n8n-nodes-base.code","nodeName":"Load Active Facilities","nodeId":"load-facilities"}}
{"__type":"$$EventMessageConfirm","confirm":"24eb3f36-e5c3-451a-b0bd-0e574db76e98","ts":"2026-04-06T11:03:19.039+03:00","source":{"id":"0","name":"eventBus"}}
{"__type":"$$EventMessageRunner","id":"da7f16da-6891-449c-a80e-f550ae040335","ts":"2026-04-06T11:03:19.043+03:00","eventName":"n8n.runner.task.requested","message":"n8n.runner.task.requested","payload":{"taskId":"Ok402erc","nodeId":"load-facilities","workflowId":"eIVKT6edvIeqHYU8","executionId":"13"}}
{"__type":"$$EventMessageConfirm","confirm":"da7f16da-6891-449c-a80e-f550ae040335","ts":"2026-04-06T11:03:19.043+03:00","source":{"id":"0","name":"eventBus"}}
{"__type":"$$EventMessageRunner","id":"fc60226a-d7b0-4ed1-9cb0-83ead99fbb6c","ts":"2026-04-06T11:03:19.055+03:00","eventName":"n8n.runner.response.received","message":"n8n.runner.response.received","payload":{"taskId":"Ok402erc","nodeId":"load-facilities","workflowId":"eIVKT6edvIeqHYU8","executionId":"13"}}
{"__type":"$$EventMessageConfirm","confirm":"fc60226a-d7b0-4ed1-9cb0-83ead99fbb6c","ts":"2026-04-06T11:03:19.055+03:00","source":{"id":"0","name":"eventBus"}}
{"__type":"$$EventMessageNode","id":"8cb718a0-ae84-41d1-ab3a-086623cc274f","ts":"2026-04-06T11:03:19.055+03:00","eventName":"n8n.node.finished","message":"n8n.node.finished","payload":{"workflowId":"eIVKT6edvIeqHYU8","workflowName":"ZH_MASTER_ORCHESTRATOR","executionId":"13","nodeType":"n8n-nodes-base.code","nodeName":"Load Active Facilities","nodeId":"load-facilities"}}
{"__type":"$$EventMessageConfirm","confirm":"8cb718a0-ae84-41d1-ab3a-086623cc274f","ts":"2026-04-06T11:03:19.055+03:00","source":{"id":"0","name":"eventBus"}}
{"__type":"$$EventMessageNode","id":"3476b73d-6158-4a65-9c9f-10b575991a59","ts":"2026-04-06T11:03:19.056+03:00","eventName":"n8n.node.started","message":"n8n.node.started","payload":{"workflowId":"eIVKT6edvIeqHYU8","workflowName":"ZH_MASTER_ORCHESTRATOR","executionId":"13","nodeType":"n8n-nodes-base.splitInBatches","nodeName":"Split Facilities","nodeId":"split-facilities"}}
{"__type":"$$EventMessageConfirm","confirm":"3476b73d-6158-4a65-9c9f-10b575991a59","ts":"2026-04-06T11:03:19.056+03:00","source":{"id":"0","name":"eventBus"}}
{"__type":"$$EventMessageNode","id":"aa2aff3c-e7c4-4b31-905f-81a8c533265f","ts":"2026-04-06T11:03:19.056+03:00","eventName":"n8n.node.finished","message":"n8n.node.finished","payload":{"workflowId":"eIVKT6edvIeqHYU8","workflowName":"ZH_MASTER_ORCHESTRATOR","executionId":"13","nodeType":"n8n-nodes-base.splitInBatches","nodeName":"Split Facilities","nodeId":"split-facilities"}}
{"__type":"$$EventMessageConfirm","confirm":"aa2aff3c-e7c4-4b31-905f-81a8c533265f","ts":"2026-04-06T11:03:19.056+03:00","source":{"id":"0","name":"eventBus"}}
{"__type":"$$EventMessageWorkflow","id":"cd960716-52e4-4a80-af36-de7308bf1fa5","ts":"2026-04-06T11:03:19.058+03:00","eventName":"n8n.workflow.success","message":"n8n.workflow.success","payload":{"userId":"eb4035e2-2e2f-4b38-b51f-776ef28fe200","executionId":"13","success":true,"isManual":true,"mode":"manual","workflowId":"eIVKT6edvIeqHYU8","workflowName":"ZH_MASTER_ORCHESTRATOR"}}
{"__type":"$$EventMessageConfirm","confirm":"cd960716-52e4-4a80-af36-de7308bf1fa5","ts":"2026-04-06T11:03:19.058+03:00","source":{"id":"0","name":"eventBus"}}
