{"__type":"$$EventMessageAudit","id":"16f4cf13-19ef-4539-9f1b-e0b2d0281a29","ts":"2026-04-06T00:30:45.269+03:00","eventName":"n8n.audit.workflow.updated","message":"n8n.audit.workflow.updated","payload":{"userId":"eb4035e2-2e2f-4b38-b51f-776ef28fe200","_email":"cemonat67@gmail.com","_firstName":"Cem","_lastName":"Onat","globalRole":"global:owner","workflowId":"eIVKT6edvIeqHYU8","workflowName":"ZH_MASTER_ORCHESTRATOR"}}
{"__type":"$$EventMessageConfirm","confirm":"16f4cf13-19ef-4539-9f1b-e0b2d0281a29","ts":"2026-04-06T00:30:45.270+03:00","source":{"id":"0","name":"eventBus"}}
{"__type":"$$EventMessageWorkflow","id":"08cb18c3-0627-4bbc-8c33-d600bcb7027d","ts":"2026-04-06T00:31:00.549+03:00","eventName":"n8n.workflow.started","message":"n8n.workflow.started","payload":{"executionId":"8","workflowId":"eIVKT6edvIeqHYU8","isManual":false,"mode":"manual","workflowName":"ZH_MASTER_ORCHESTRATOR"}}
{"__type":"$$EventMessageConfirm","confirm":"08cb18c3-0627-4bbc-8c33-d600bcb7027d","ts":"2026-04-06T00:31:00.550+03:00","source":{"id":"0","name":"eventBus"}}
{"__type":"$$EventMessageAudit","id":"66df10c5-024e-4262-9b9e-fae7dcf73c20","ts":"2026-04-06T00:31:00.550+03:00","eventName":"n8n.audit.workflow.executed","message":"n8n.audit.workflow.executed","payload":{"userId":"eb4035e2-2e2f-4b38-b51f-776ef28fe200","_email":"cemonat67@gmail.com","_firstName":"Cem","_lastName":"Onat","globalRole":"global:owner","workflowId":"eIVKT6edvIeqHYU8","workflowName":"ZH_MASTER_ORCHESTRATOR","executionId":"8","source":"user-manual"}}
{"__type":"$$EventMessageConfirm","confirm":"66df10c5-024e-4262-9b9e-fae7dcf73c20","ts":"2026-04-06T00:31:00.550+03:00","source":{"id":"0","name":"eventBus"}}
{"__type":"$$EventMessageNode","id":"b52a13b3-b339-4642-9616-0321fa358c11","ts":"2026-04-06T00:31:00.561+03:00","eventName":"n8n.node.started","message":"n8n.node.started","payload":{"workflowId":"eIVKT6edvIeqHYU8","workflowName":"ZH_MASTER_ORCHESTRATOR","executionId":"8","nodeType":"n8n-nodes-base.code","nodeName":"Load Metric Profile","nodeId":"12f2777f-5f69-428c-8774-84d682577de0"}}
{"__type":"$$EventMessageConfirm","confirm":"b52a13b3-b339-4642-9616-0321fa358c11","ts":"2026-04-06T00:31:00.562+03:00","source":{"id":"0","name":"eventBus"}}
{"__type":"$$EventMessageRunner","id":"e000796a-652d-4549-90e1-a3925c3edb45","ts":"2026-04-06T00:31:00.577+03:00","eventName":"n8n.runner.task.requested","message":"n8n.runner.task.requested","payload":{"taskId":"qPuA4bp9","nodeId":"12f2777f-5f69-428c-8774-84d682577de0","workflowId":"eIVKT6edvIeqHYU8","executionId":"8"}}
{"__type":"$$EventMessageConfirm","confirm":"e000796a-652d-4549-90e1-a3925c3edb45","ts":"2026-04-06T00:31:00.577+03:00","source":{"id":"0","name":"eventBus"}}
{"__type":"$$EventMessageRunner","id":"98255340-90cd-4267-acba-56b0dfe3f2aa","ts":"2026-04-06T00:31:00.640+03:00","eventName":"n8n.runner.response.received","message":"n8n.runner.response.received","payload":{"taskId":"qPuA4bp9","nodeId":"12f2777f-5f69-428c-8774-84d682577de0","workflowId":"eIVKT6edvIeqHYU8","executionId":"8"}}
{"__type":"$$EventMessageConfirm","confirm":"98255340-90cd-4267-acba-56b0dfe3f2aa","ts":"2026-04-06T00:31:00.640+03:00","source":{"id":"0","name":"eventBus"}}
{"__type":"$$EventMessageNode","id":"6bd651c0-385f-465a-8f6b-93d3d6a5b424","ts":"2026-04-06T00:31:00.641+03:00","eventName":"n8n.node.finished","message":"n8n.node.finished","payload":{"workflowId":"eIVKT6edvIeqHYU8","workflowName":"ZH_MASTER_ORCHESTRATOR","executionId":"8","nodeType":"n8n-nodes-base.code","nodeName":"Load Metric Profile","nodeId":"12f2777f-5f69-428c-8774-84d682577de0"}}
{"__type":"$$EventMessageConfirm","confirm":"6bd651c0-385f-465a-8f6b-93d3d6a5b424","ts":"2026-04-06T00:31:00.641+03:00","source":{"id":"0","name":"eventBus"}}
{"__type":"$$EventMessageWorkflow","id":"97a8e6c8-30c9-42a8-a7cf-aa74a5b16ecd","ts":"2026-04-06T00:31:00.643+03:00","eventName":"n8n.workflow.success","message":"n8n.workflow.success","payload":{"userId":"eb4035e2-2e2f-4b38-b51f-776ef28fe200","executionId":"8","success":true,"isManual":true,"mode":"manual","workflowId":"eIVKT6edvIeqHYU8","workflowName":"ZH_MASTER_ORCHESTRATOR"}}
{"__type":"$$EventMessageConfirm","confirm":"97a8e6c8-30c9-42a8-a7cf-aa74a5b16ecd","ts":"2026-04-06T00:31:00.643+03:00","source":{"id":"0","name":"eventBus"}}
{"__type":"$$EventMessageWorkflow","id":"2f29d44d-1548-4100-8562-6851479ffd3b","ts":"2026-04-06T00:31:11.048+03:00","eventName":"n8n.workflow.started","message":"n8n.workflow.started","payload":{"executionId":"9","workflowId":"eIVKT6edvIeqHYU8","isManual":false,"mode":"manual","workflowName":"ZH_MASTER_ORCHESTRATOR"}}
{"__type":"$$EventMessageConfirm","confirm":"2f29d44d-1548-4100-8562-6851479ffd3b","ts":"2026-04-06T00:31:11.048+03:00","source":{"id":"0","name":"eventBus"}}
{"__type":"$$EventMessageAudit","id":"0d52d957-6982-4e4e-be25-82d1608c2252","ts":"2026-04-06T00:31:11.049+03:00","eventName":"n8n.audit.workflow.executed","message":"n8n.audit.workflow.executed","payload":{"userId":"eb4035e2-2e2f-4b38-b51f-776ef28fe200","_email":"cemonat67@gmail.com","_firstName":"Cem","_lastName":"Onat","globalRole":"global:owner","workflowId":"eIVKT6edvIeqHYU8","workflowName":"ZH_MASTER_ORCHESTRATOR","executionId":"9","source":"user-manual"}}
{"__type":"$$EventMessageConfirm","confirm":"0d52d957-6982-4e4e-be25-82d1608c2252","ts":"2026-04-06T00:31:11.050+03:00","source":{"id":"0","name":"eventBus"}}
{"__type":"$$EventMessageNode","id":"024b11c3-3d2c-4473-ba07-9123bf5de7c4","ts":"2026-04-06T00:31:11.060+03:00","eventName":"n8n.node.started","message":"n8n.node.started","payload":{"workflowId":"eIVKT6edvIeqHYU8","workflowName":"ZH_MASTER_ORCHESTRATOR","executionId":"9","nodeType":"n8n-nodes-base.manualTrigger","nodeName":"Manual Trigger","nodeId":"ec5361e2-9b34-4e27-a4b0-2429056a13cd"}}
{"__type":"$$EventMessageConfirm","confirm":"024b11c3-3d2c-4473-ba07-9123bf5de7c4","ts":"2026-04-06T00:31:11.060+03:00","source":{"id":"0","name":"eventBus"}}
{"__type":"$$EventMessageNode","id":"16893e84-d9ff-4d97-9044-8da80909cc42","ts":"2026-04-06T00:31:11.063+03:00","eventName":"n8n.node.finished","message":"n8n.node.finished","payload":{"workflowId":"eIVKT6edvIeqHYU8","workflowName":"ZH_MASTER_ORCHESTRATOR","executionId":"9","nodeType":"n8n-nodes-base.manualTrigger","nodeName":"Manual Trigger","nodeId":"ec5361e2-9b34-4e27-a4b0-2429056a13cd"}}
{"__type":"$$EventMessageConfirm","confirm":"16893e84-d9ff-4d97-9044-8da80909cc42","ts":"2026-04-06T00:31:11.063+03:00","source":{"id":"0","name":"eventBus"}}
{"__type":"$$EventMessageNode","id":"b4258e07-1561-44c8-a538-8d70c468dc00","ts":"2026-04-06T00:31:11.063+03:00","eventName":"n8n.node.started","message":"n8n.node.started","payload":{"workflowId":"eIVKT6edvIeqHYU8","workflowName":"ZH_MASTER_ORCHESTRATOR","executionId":"9","nodeType":"n8n-nodes-base.code","nodeName":"Normalize Input","nodeId":"e2140623-939c-46b8-91d6-adc1e5806ea8"}}
{"__type":"$$EventMessageConfirm","confirm":"b4258e07-1561-44c8-a538-8d70c468dc00","ts":"2026-04-06T00:31:11.063+03:00","source":{"id":"0","name":"eventBus"}}
{"__type":"$$EventMessageRunner","id":"0c923348-c988-4fe3-b0cb-b31bc75e213c","ts":"2026-04-06T00:31:11.066+03:00","eventName":"n8n.runner.task.requested","message":"n8n.runner.task.requested","payload":{"taskId":"cqx_u6FW","nodeId":"e2140623-939c-46b8-91d6-adc1e5806ea8","workflowId":"eIVKT6edvIeqHYU8","executionId":"9"}}
{"__type":"$$EventMessageConfirm","confirm":"0c923348-c988-4fe3-b0cb-b31bc75e213c","ts":"2026-04-06T00:31:11.066+03:00","source":{"id":"0","name":"eventBus"}}
{"__type":"$$EventMessageRunner","id":"2ed09a25-bd9d-4a54-a7b8-466aec2085e5","ts":"2026-04-06T00:31:11.072+03:00","eventName":"n8n.runner.response.received","message":"n8n.runner.response.received","payload":{"taskId":"cqx_u6FW","nodeId":"e2140623-939c-46b8-91d6-adc1e5806ea8","workflowId":"eIVKT6edvIeqHYU8","executionId":"9"}}
{"__type":"$$EventMessageConfirm","confirm":"2ed09a25-bd9d-4a54-a7b8-466aec2085e5","ts":"2026-04-06T00:31:11.072+03:00","source":{"id":"0","name":"eventBus"}}
{"__type":"$$EventMessageNode","id":"02a3bd4b-fce9-490f-be5e-aa0edc6fdd42","ts":"2026-04-06T00:31:11.072+03:00","eventName":"n8n.node.finished","message":"n8n.node.finished","payload":{"workflowId":"eIVKT6edvIeqHYU8","workflowName":"ZH_MASTER_ORCHESTRATOR","executionId":"9","nodeType":"n8n-nodes-base.code","nodeName":"Normalize Input","nodeId":"e2140623-939c-46b8-91d6-adc1e5806ea8"}}
{"__type":"$$EventMessageConfirm","confirm":"02a3bd4b-fce9-490f-be5e-aa0edc6fdd42","ts":"2026-04-06T00:31:11.072+03:00","source":{"id":"0","name":"eventBus"}}
{"__type":"$$EventMessageNode","id":"b7ffb0b2-c338-4ebe-a7fa-e1a4b2a226cd","ts":"2026-04-06T00:31:11.073+03:00","eventName":"n8n.node.started","message":"n8n.node.started","payload":{"workflowId":"eIVKT6edvIeqHYU8","workflowName":"ZH_MASTER_ORCHESTRATOR","executionId":"9","nodeType":"n8n-nodes-base.code","nodeName":"Load Metric Profile","nodeId":"12f2777f-5f69-428c-8774-84d682577de0"}}
{"__type":"$$EventMessageConfirm","confirm":"b7ffb0b2-c338-4ebe-a7fa-e1a4b2a226cd","ts":"2026-04-06T00:31:11.073+03:00","source":{"id":"0","name":"eventBus"}}
{"__type":"$$EventMessageRunner","id":"0e03ac26-01d1-40c7-9c48-9050ebebe1d7","ts":"2026-04-06T00:31:11.074+03:00","eventName":"n8n.runner.task.requested","message":"n8n.runner.task.requested","payload":{"taskId":"r8KZLWDc","nodeId":"12f2777f-5f69-428c-8774-84d682577de0","workflowId":"eIVKT6edvIeqHYU8","executionId":"9"}}
{"__type":"$$EventMessageConfirm","confirm":"0e03ac26-01d1-40c7-9c48-9050ebebe1d7","ts":"2026-04-06T00:31:11.075+03:00","source":{"id":"0","name":"eventBus"}}
{"__type":"$$EventMessageRunner","id":"6b3825e7-f6a2-472e-8bba-32304a1b17b5","ts":"2026-04-06T00:31:11.081+03:00","eventName":"n8n.runner.response.received","message":"n8n.runner.response.received","payload":{"taskId":"r8KZLWDc","nodeId":"12f2777f-5f69-428c-8774-84d682577de0","workflowId":"eIVKT6edvIeqHYU8","executionId":"9"}}
{"__type":"$$EventMessageConfirm","confirm":"6b3825e7-f6a2-472e-8bba-32304a1b17b5","ts":"2026-04-06T00:31:11.081+03:00","source":{"id":"0","name":"eventBus"}}
{"__type":"$$EventMessageNode","id":"e6bb9443-ef56-4691-bee7-6cfc637c51bb","ts":"2026-04-06T00:31:11.081+03:00","eventName":"n8n.node.finished","message":"n8n.node.finished","payload":{"workflowId":"eIVKT6edvIeqHYU8","workflowName":"ZH_MASTER_ORCHESTRATOR","executionId":"9","nodeType":"n8n-nodes-base.code","nodeName":"Load Metric Profile","nodeId":"12f2777f-5f69-428c-8774-84d682577de0"}}
{"__type":"$$EventMessageConfirm","confirm":"e6bb9443-ef56-4691-bee7-6cfc637c51bb","ts":"2026-04-06T00:31:11.081+03:00","source":{"id":"0","name":"eventBus"}}
{"__type":"$$EventMessageNode","id":"f38ffcaa-58cb-404b-bb23-3a1d68e70fa3","ts":"2026-04-06T00:31:11.082+03:00","eventName":"n8n.node.started","message":"n8n.node.started","payload":{"workflowId":"eIVKT6edvIeqHYU8","workflowName":"ZH_MASTER_ORCHESTRATOR","executionId":"9","nodeType":"n8n-nodes-base.code","nodeName":"Baseline Check Placeholder","nodeId":"0f740e2c-26b6-447a-ba25-3fb5c347801d"}}
{"__type":"$$EventMessageConfirm","confirm":"f38ffcaa-58cb-404b-bb23-3a1d68e70fa3","ts":"2026-04-06T00:31:11.082+03:00","source":{"id":"0","name":"eventBus"}}
{"__type":"$$EventMessageRunner","id":"91a1aac0-dbbc-414a-8b98-e08bcaa7f6c9","ts":"2026-04-06T00:31:11.083+03:00","eventName":"n8n.runner.task.requested","message":"n8n.runner.task.requested","payload":{"taskId":"XumPuKa0","nodeId":"0f740e2c-26b6-447a-ba25-3fb5c347801d","workflowId":"eIVKT6edvIeqHYU8","executionId":"9"}}
{"__type":"$$EventMessageConfirm","confirm":"91a1aac0-dbbc-414a-8b98-e08bcaa7f6c9","ts":"2026-04-06T00:31:11.083+03:00","source":{"id":"0","name":"eventBus"}}
{"__type":"$$EventMessageRunner","id":"5191fd3f-7c01-4242-bed1-329ac9b520a8","ts":"2026-04-06T00:31:11.088+03:00","eventName":"n8n.runner.response.received","message":"n8n.runner.response.received","payload":{"taskId":"XumPuKa0","nodeId":"0f740e2c-26b6-447a-ba25-3fb5c347801d","workflowId":"eIVKT6edvIeqHYU8","executionId":"9"}}
{"__type":"$$EventMessageConfirm","confirm":"5191fd3f-7c01-4242-bed1-329ac9b520a8","ts":"2026-04-06T00:31:11.088+03:00","source":{"id":"0","name":"eventBus"}}
{"__type":"$$EventMessageNode","id":"3f3a343a-72cc-4a70-af83-07b5a9abc5bf","ts":"2026-04-06T00:31:11.088+03:00","eventName":"n8n.node.finished","message":"n8n.node.finished","payload":{"workflowId":"eIVKT6edvIeqHYU8","workflowName":"ZH_MASTER_ORCHESTRATOR","executionId":"9","nodeType":"n8n-nodes-base.code","nodeName":"Baseline Check Placeholder","nodeId":"0f740e2c-26b6-447a-ba25-3fb5c347801d"}}
{"__type":"$$EventMessageConfirm","confirm":"3f3a343a-72cc-4a70-af83-07b5a9abc5bf","ts":"2026-04-06T00:31:11.088+03:00","source":{"id":"0","name":"eventBus"}}
{"__type":"$$EventMessageNode","id":"672eea81-aa2e-4931-9a5c-57228b79da8b","ts":"2026-04-06T00:31:11.088+03:00","eventName":"n8n.node.started","message":"n8n.node.started","payload":{"workflowId":"eIVKT6edvIeqHYU8","workflowName":"ZH_MASTER_ORCHESTRATOR","executionId":"9","nodeType":"n8n-nodes-base.code","nodeName":"Generate Metrics Placeholder","nodeId":"bc71f3e5-c869-43ba-9234-e1ba1a495191"}}
{"__type":"$$EventMessageConfirm","confirm":"672eea81-aa2e-4931-9a5c-57228b79da8b","ts":"2026-04-06T00:31:11.088+03:00","source":{"id":"0","name":"eventBus"}}
{"__type":"$$EventMessageRunner","id":"3ec68428-7219-4049-8a0b-cda98f714bec","ts":"2026-04-06T00:31:11.089+03:00","eventName":"n8n.runner.task.requested","message":"n8n.runner.task.requested","payload":{"taskId":"PLAiTBDC","nodeId":"bc71f3e5-c869-43ba-9234-e1ba1a495191","workflowId":"eIVKT6edvIeqHYU8","executionId":"9"}}
{"__type":"$$EventMessageConfirm","confirm":"3ec68428-7219-4049-8a0b-cda98f714bec","ts":"2026-04-06T00:31:11.089+03:00","source":{"id":"0","name":"eventBus"}}
{"__type":"$$EventMessageRunner","id":"833683cf-5628-4da1-8e5f-39dcbf8f78dc","ts":"2026-04-06T00:31:11.097+03:00","eventName":"n8n.runner.response.received","message":"n8n.runner.response.received","payload":{"taskId":"PLAiTBDC","nodeId":"bc71f3e5-c869-43ba-9234-e1ba1a495191","workflowId":"eIVKT6edvIeqHYU8","executionId":"9"}}
{"__type":"$$EventMessageConfirm","confirm":"833683cf-5628-4da1-8e5f-39dcbf8f78dc","ts":"2026-04-06T00:31:11.097+03:00","source":{"id":"0","name":"eventBus"}}
{"__type":"$$EventMessageNode","id":"3e53620f-2231-4974-a9dd-6090da0d9b6e","ts":"2026-04-06T00:31:11.097+03:00","eventName":"n8n.node.finished","message":"n8n.node.finished","payload":{"workflowId":"eIVKT6edvIeqHYU8","workflowName":"ZH_MASTER_ORCHESTRATOR","executionId":"9","nodeType":"n8n-nodes-base.code","nodeName":"Generate Metrics Placeholder","nodeId":"bc71f3e5-c869-43ba-9234-e1ba1a495191"}}
{"__type":"$$EventMessageConfirm","confirm":"3e53620f-2231-4974-a9dd-6090da0d9b6e","ts":"2026-04-06T00:31:11.097+03:00","source":{"id":"0","name":"eventBus"}}
{"__type":"$$EventMessageNode","id":"62060120-f836-403a-ac0d-a9128d19cbf8","ts":"2026-04-06T00:31:11.097+03:00","eventName":"n8n.node.started","message":"n8n.node.started","payload":{"workflowId":"eIVKT6edvIeqHYU8","workflowName":"ZH_MASTER_ORCHESTRATOR","executionId":"9","nodeType":"n8n-nodes-base.code","nodeName":"Validation Placeholder","nodeId":"d667229c-c058-403c-b193-703c71f3023e"}}
{"__type":"$$EventMessageConfirm","confirm":"62060120-f836-403a-ac0d-a9128d19cbf8","ts":"2026-04-06T00:31:11.097+03:00","source":{"id":"0","name":"eventBus"}}
{"__type":"$$EventMessageRunner","id":"2c01562f-93d9-4ea1-b66f-47a5aafce82d","ts":"2026-04-06T00:31:11.099+03:00","eventName":"n8n.runner.task.requested","message":"n8n.runner.task.requested","payload":{"taskId":"a8y-CXdz","nodeId":"d667229c-c058-403c-b193-703c71f3023e","workflowId":"eIVKT6edvIeqHYU8","executionId":"9"}}
{"__type":"$$EventMessageConfirm","confirm":"2c01562f-93d9-4ea1-b66f-47a5aafce82d","ts":"2026-04-06T00:31:11.099+03:00","source":{"id":"0","name":"eventBus"}}
{"__type":"$$EventMessageRunner","id":"ca87263e-23d1-4695-b2da-44fb0a3596bf","ts":"2026-04-06T00:31:11.102+03:00","eventName":"n8n.runner.response.received","message":"n8n.runner.response.received","payload":{"taskId":"a8y-CXdz","nodeId":"d667229c-c058-403c-b193-703c71f3023e","workflowId":"eIVKT6edvIeqHYU8","executionId":"9"}}
{"__type":"$$EventMessageConfirm","confirm":"ca87263e-23d1-4695-b2da-44fb0a3596bf","ts":"2026-04-06T00:31:11.102+03:00","source":{"id":"0","name":"eventBus"}}
{"__type":"$$EventMessageNode","id":"51acee28-5877-45a7-8231-b2ddd7f5d769","ts":"2026-04-06T00:31:11.103+03:00","eventName":"n8n.node.finished","message":"n8n.node.finished","payload":{"workflowId":"eIVKT6edvIeqHYU8","workflowName":"ZH_MASTER_ORCHESTRATOR","executionId":"9","nodeType":"n8n-nodes-base.code","nodeName":"Validation Placeholder","nodeId":"d667229c-c058-403c-b193-703c71f3023e"}}
{"__type":"$$EventMessageConfirm","confirm":"51acee28-5877-45a7-8231-b2ddd7f5d769","ts":"2026-04-06T00:31:11.103+03:00","source":{"id":"0","name":"eventBus"}}
{"__type":"$$EventMessageNode","id":"7c15b40e-74ca-464c-be50-464202b5f231","ts":"2026-04-06T00:31:11.103+03:00","eventName":"n8n.node.started","message":"n8n.node.started","payload":{"workflowId":"eIVKT6edvIeqHYU8","workflowName":"ZH_MASTER_ORCHESTRATOR","executionId":"9","nodeType":"n8n-nodes-base.code","nodeName":"Bridge Placeholder","nodeId":"c2d42ca9-d5e0-4498-9f3e-30b4ab5c0c41"}}
{"__type":"$$EventMessageConfirm","confirm":"7c15b40e-74ca-464c-be50-464202b5f231","ts":"2026-04-06T00:31:11.103+03:00","source":{"id":"0","name":"eventBus"}}
{"__type":"$$EventMessageRunner","id":"54fbfd6e-4d94-4ff0-90e6-444528da295e","ts":"2026-04-06T00:31:11.104+03:00","eventName":"n8n.runner.task.requested","message":"n8n.runner.task.requested","payload":{"taskId":"QvcI2KhC","nodeId":"c2d42ca9-d5e0-4498-9f3e-30b4ab5c0c41","workflowId":"eIVKT6edvIeqHYU8","executionId":"9"}}
{"__type":"$$EventMessageConfirm","confirm":"54fbfd6e-4d94-4ff0-90e6-444528da295e","ts":"2026-04-06T00:31:11.104+03:00","source":{"id":"0","name":"eventBus"}}
{"__type":"$$EventMessageRunner","id":"827fa208-c6b2-4420-8e63-84b10c11ad27","ts":"2026-04-06T00:31:11.108+03:00","eventName":"n8n.runner.response.received","message":"n8n.runner.response.received","payload":{"taskId":"QvcI2KhC","nodeId":"c2d42ca9-d5e0-4498-9f3e-30b4ab5c0c41","workflowId":"eIVKT6edvIeqHYU8","executionId":"9"}}
{"__type":"$$EventMessageConfirm","confirm":"827fa208-c6b2-4420-8e63-84b10c11ad27","ts":"2026-04-06T00:31:11.108+03:00","source":{"id":"0","name":"eventBus"}}
{"__type":"$$EventMessageNode","id":"6c000950-fd65-4bcf-bbdc-4b43675c9d81","ts":"2026-04-06T00:31:11.108+03:00","eventName":"n8n.node.finished","message":"n8n.node.finished","payload":{"workflowId":"eIVKT6edvIeqHYU8","workflowName":"ZH_MASTER_ORCHESTRATOR","executionId":"9","nodeType":"n8n-nodes-base.code","nodeName":"Bridge Placeholder","nodeId":"c2d42ca9-d5e0-4498-9f3e-30b4ab5c0c41"}}
{"__type":"$$EventMessageConfirm","confirm":"6c000950-fd65-4bcf-bbdc-4b43675c9d81","ts":"2026-04-06T00:31:11.108+03:00","source":{"id":"0","name":"eventBus"}}
{"__type":"$$EventMessageNode","id":"adb33bf2-7b46-4d1b-905e-a2eb3efff6b4","ts":"2026-04-06T00:31:11.109+03:00","eventName":"n8n.node.started","message":"n8n.node.started","payload":{"workflowId":"eIVKT6edvIeqHYU8","workflowName":"ZH_MASTER_ORCHESTRATOR","executionId":"9","nodeType":"n8n-nodes-base.code","nodeName":"Build Facility Result","nodeId":"09eab289-0178-44c4-a86b-f2d0c1eb1692"}}
{"__type":"$$EventMessageConfirm","confirm":"adb33bf2-7b46-4d1b-905e-a2eb3efff6b4","ts":"2026-04-06T00:31:11.109+03:00","source":{"id":"0","name":"eventBus"}}
{"__type":"$$EventMessageRunner","id":"0d4b2ffa-8823-4741-951f-0b6213fd5a9f","ts":"2026-04-06T00:31:11.110+03:00","eventName":"n8n.runner.task.requested","message":"n8n.runner.task.requested","payload":{"taskId":"0jSMqP1p","nodeId":"09eab289-0178-44c4-a86b-f2d0c1eb1692","workflowId":"eIVKT6edvIeqHYU8","executionId":"9"}}
{"__type":"$$EventMessageConfirm","confirm":"0d4b2ffa-8823-4741-951f-0b6213fd5a9f","ts":"2026-04-06T00:31:11.110+03:00","source":{"id":"0","name":"eventBus"}}
{"__type":"$$EventMessageRunner","id":"27c7293a-2492-48a3-a905-da5352ff155c","ts":"2026-04-06T00:31:11.113+03:00","eventName":"n8n.runner.response.received","message":"n8n.runner.response.received","payload":{"taskId":"0jSMqP1p","nodeId":"09eab289-0178-44c4-a86b-f2d0c1eb1692","workflowId":"eIVKT6edvIeqHYU8","executionId":"9"}}
{"__type":"$$EventMessageConfirm","confirm":"27c7293a-2492-48a3-a905-da5352ff155c","ts":"2026-04-06T00:31:11.113+03:00","source":{"id":"0","name":"eventBus"}}
{"__type":"$$EventMessageNode","id":"25536b18-30e8-4996-9298-e48fd7f76d4d","ts":"2026-04-06T00:31:11.113+03:00","eventName":"n8n.node.finished","message":"n8n.node.finished","payload":{"workflowId":"eIVKT6edvIeqHYU8","workflowName":"ZH_MASTER_ORCHESTRATOR","executionId":"9","nodeType":"n8n-nodes-base.code","nodeName":"Build Facility Result","nodeId":"09eab289-0178-44c4-a86b-f2d0c1eb1692"}}
{"__type":"$$EventMessageConfirm","confirm":"25536b18-30e8-4996-9298-e48fd7f76d4d","ts":"2026-04-06T00:31:11.114+03:00","source":{"id":"0","name":"eventBus"}}
{"__type":"$$EventMessageWorkflow","id":"5404c0b9-3e28-4829-b32f-a4b92403e5e0","ts":"2026-04-06T00:31:11.116+03:00","eventName":"n8n.workflow.success","message":"n8n.workflow.success","payload":{"userId":"eb4035e2-2e2f-4b38-b51f-776ef28fe200","executionId":"9","success":true,"isManual":true,"mode":"manual","workflowId":"eIVKT6edvIeqHYU8","workflowName":"ZH_MASTER_ORCHESTRATOR"}}
{"__type":"$$EventMessageConfirm","confirm":"5404c0b9-3e28-4829-b32f-a4b92403e5e0","ts":"2026-04-06T00:31:11.116+03:00","source":{"id":"0","name":"eventBus"}}
{"__type":"$$EventMessageAudit","id":"04ebc84b-b5e4-4eaf-84a1-0b7a616768b8","ts":"2026-04-06T00:33:23.394+03:00","eventName":"n8n.audit.workflow.updated","message":"n8n.audit.workflow.updated","payload":{"userId":"eb4035e2-2e2f-4b38-b51f-776ef28fe200","_email":"cemonat67@gmail.com","_firstName":"Cem","_lastName":"Onat","globalRole":"global:owner","workflowId":"eIVKT6edvIeqHYU8","workflowName":"ZH_MASTER_ORCHESTRATOR"}}
{"__type":"$$EventMessageConfirm","confirm":"04ebc84b-b5e4-4eaf-84a1-0b7a616768b8","ts":"2026-04-06T00:33:23.395+03:00","source":{"id":"0","name":"eventBus"}}
{"__type":"$$EventMessageWorkflow","id":"75e788ea-7ed0-4355-8300-56d411088939","ts":"2026-04-06T00:33:27.567+03:00","eventName":"n8n.workflow.started","message":"n8n.workflow.started","payload":{"executionId":"10","workflowId":"eIVKT6edvIeqHYU8","isManual":false,"mode":"manual","workflowName":"ZH_MASTER_ORCHESTRATOR"}}
{"__type":"$$EventMessageConfirm","confirm":"75e788ea-7ed0-4355-8300-56d411088939","ts":"2026-04-06T00:33:27.567+03:00","source":{"id":"0","name":"eventBus"}}
{"__type":"$$EventMessageAudit","id":"5eed7baa-06ac-4074-aec2-788b28a2b713","ts":"2026-04-06T00:33:27.568+03:00","eventName":"n8n.audit.workflow.executed","message":"n8n.audit.workflow.executed","payload":{"userId":"eb4035e2-2e2f-4b38-b51f-776ef28fe200","_email":"cemonat67@gmail.com","_firstName":"Cem","_lastName":"Onat","globalRole":"global:owner","workflowId":"eIVKT6edvIeqHYU8","workflowName":"ZH_MASTER_ORCHESTRATOR","executionId":"10","source":"user-manual"}}
{"__type":"$$EventMessageConfirm","confirm":"5eed7baa-06ac-4074-aec2-788b28a2b713","ts":"2026-04-06T00:33:27.568+03:00","source":{"id":"0","name":"eventBus"}}
{"__type":"$$EventMessageNode","id":"206cfef3-dbb8-4e65-ae95-7f6acfb0ffc3","ts":"2026-04-06T00:33:27.572+03:00","eventName":"n8n.node.started","message":"n8n.node.started","payload":{"workflowId":"eIVKT6edvIeqHYU8","workflowName":"ZH_MASTER_ORCHESTRATOR","executionId":"10","nodeType":"n8n-nodes-base.scheduleTrigger","nodeName":"Schedule Trigger","nodeId":"1132d355-26dc-4343-9fac-eba4fd704ad0"}}
{"__type":"$$EventMessageConfirm","confirm":"206cfef3-dbb8-4e65-ae95-7f6acfb0ffc3","ts":"2026-04-06T00:33:27.572+03:00","source":{"id":"0","name":"eventBus"}}
{"__type":"$$EventMessageNode","id":"554dd03b-791f-4d60-afcb-c92c9717dbb8","ts":"2026-04-06T00:33:27.580+03:00","eventName":"n8n.node.finished","message":"n8n.node.finished","payload":{"workflowId":"eIVKT6edvIeqHYU8","workflowName":"ZH_MASTER_ORCHESTRATOR","executionId":"10","nodeType":"n8n-nodes-base.scheduleTrigger","nodeName":"Schedule Trigger","nodeId":"1132d355-26dc-4343-9fac-eba4fd704ad0"}}
{"__type":"$$EventMessageConfirm","confirm":"554dd03b-791f-4d60-afcb-c92c9717dbb8","ts":"2026-04-06T00:33:27.580+03:00","source":{"id":"0","name":"eventBus"}}
{"__type":"$$EventMessageNode","id":"f893aac8-87a1-4e5d-bee4-43e633a96518","ts":"2026-04-06T00:33:27.581+03:00","eventName":"n8n.node.started","message":"n8n.node.started","payload":{"workflowId":"eIVKT6edvIeqHYU8","workflowName":"ZH_MASTER_ORCHESTRATOR","executionId":"10","nodeType":"n8n-nodes-base.code","nodeName":"Load Active Facilities","nodeId":"37c03079-9dbb-403c-9464-4ed2118bf1a0"}}
{"__type":"$$EventMessageConfirm","confirm":"f893aac8-87a1-4e5d-bee4-43e633a96518","ts":"2026-04-06T00:33:27.582+03:00","source":{"id":"0","name":"eventBus"}}
{"__type":"$$EventMessageRunner","id":"d4cfd681-5e20-44f6-9efa-88fc6a89dbea","ts":"2026-04-06T00:33:27.584+03:00","eventName":"n8n.runner.task.requested","message":"n8n.runner.task.requested","payload":{"taskId":"4Zmbh_uo","nodeId":"37c03079-9dbb-403c-9464-4ed2118bf1a0","workflowId":"eIVKT6edvIeqHYU8","executionId":"10"}}
{"__type":"$$EventMessageConfirm","confirm":"d4cfd681-5e20-44f6-9efa-88fc6a89dbea","ts":"2026-04-06T00:33:27.584+03:00","source":{"id":"0","name":"eventBus"}}
{"__type":"$$EventMessageRunner","id":"69fd1cbc-4b7c-423d-b2bf-a7725d5e8a02","ts":"2026-04-06T00:33:27.607+03:00","eventName":"n8n.runner.response.received","message":"n8n.runner.response.received","payload":{"taskId":"4Zmbh_uo","nodeId":"37c03079-9dbb-403c-9464-4ed2118bf1a0","workflowId":"eIVKT6edvIeqHYU8","executionId":"10"}}
{"__type":"$$EventMessageConfirm","confirm":"69fd1cbc-4b7c-423d-b2bf-a7725d5e8a02","ts":"2026-04-06T00:33:27.607+03:00","source":{"id":"0","name":"eventBus"}}
{"__type":"$$EventMessageNode","id":"ac08041f-f6c6-4fa1-9070-ae31a1e74c34","ts":"2026-04-06T00:33:27.608+03:00","eventName":"n8n.node.finished","message":"n8n.node.finished","payload":{"workflowId":"eIVKT6edvIeqHYU8","workflowName":"ZH_MASTER_ORCHESTRATOR","executionId":"10","nodeType":"n8n-nodes-base.code","nodeName":"Load Active Facilities","nodeId":"37c03079-9dbb-403c-9464-4ed2118bf1a0"}}
{"__type":"$$EventMessageConfirm","confirm":"ac08041f-f6c6-4fa1-9070-ae31a1e74c34","ts":"2026-04-06T00:33:27.608+03:00","source":{"id":"0","name":"eventBus"}}
{"__type":"$$EventMessageNode","id":"5ed10a4a-c182-4e48-bd21-657f891e7457","ts":"2026-04-06T00:33:27.609+03:00","eventName":"n8n.node.started","message":"n8n.node.started","payload":{"workflowId":"eIVKT6edvIeqHYU8","workflowName":"ZH_MASTER_ORCHESTRATOR","executionId":"10","nodeType":"n8n-nodes-base.splitInBatches","nodeName":"Split Facilities","nodeId":"9b892e6d-1896-4cde-8cb6-3631c1837d9b"}}
{"__type":"$$EventMessageConfirm","confirm":"5ed10a4a-c182-4e48-bd21-657f891e7457","ts":"2026-04-06T00:33:27.609+03:00","source":{"id":"0","name":"eventBus"}}
{"__type":"$$EventMessageNode","id":"f1db8038-ae06-47ff-9ba4-37360cb18c2c","ts":"2026-04-06T00:33:27.610+03:00","eventName":"n8n.node.finished","message":"n8n.node.finished","payload":{"workflowId":"eIVKT6edvIeqHYU8","workflowName":"ZH_MASTER_ORCHESTRATOR","executionId":"10","nodeType":"n8n-nodes-base.splitInBatches","nodeName":"Split Facilities","nodeId":"9b892e6d-1896-4cde-8cb6-3631c1837d9b"}}
{"__type":"$$EventMessageConfirm","confirm":"f1db8038-ae06-47ff-9ba4-37360cb18c2c","ts":"2026-04-06T00:33:27.610+03:00","source":{"id":"0","name":"eventBus"}}
{"__type":"$$EventMessageWorkflow","id":"bf03c931-2dda-44cd-8b35-7c4099e6e839","ts":"2026-04-06T00:33:27.612+03:00","eventName":"n8n.workflow.success","message":"n8n.workflow.success","payload":{"userId":"eb4035e2-2e2f-4b38-b51f-776ef28fe200","executionId":"10","success":true,"isManual":true,"mode":"manual","workflowId":"eIVKT6edvIeqHYU8","workflowName":"ZH_MASTER_ORCHESTRATOR"}}
{"__type":"$$EventMessageConfirm","confirm":"bf03c931-2dda-44cd-8b35-7c4099e6e839","ts":"2026-04-06T00:33:27.612+03:00","source":{"id":"0","name":"eventBus"}}
